2010-01-17T17:37:46+00:00 INFO (6): INDEXING LANGUAGE: ja
2010-01-17T17:37:46+00:00 INFO (6):     Indexing: /manual/1.0/ja/zend.search.lucene.charset.html
2010-01-17T17:37:46+00:00 INFO (6):     Indexing: /manual/1.0/ja/zend.mime.part.html
2010-01-17T17:37:46+00:00 INFO (6):     Indexing: /manual/1.0/ja/zend.json.xml2json.html
2010-01-17T17:37:46+00:00 INFO (6):     Indexing: /manual/1.0/ja/zend.feed.findFeeds.html
2010-01-17T17:37:46+00:00 INFO (6):     Indexing: /manual/1.0/ja/zend.acl.refining.html
2010-01-17T17:37:47+00:00 INFO (6):     Indexing: /manual/1.0/ja/zend.http.client.advanced.html
2010-01-17T17:37:47+00:00 INFO (6):     Indexing: /manual/1.0/ja/zend.session.html
2010-01-17T17:37:47+00:00 INFO (6):     Indexing: /manual/1.0/ja/zend.date.overview.html
2010-01-17T17:37:47+00:00 INFO (6):     Indexing: /manual/1.0/ja/zend.uri.html
2010-01-17T17:37:47+00:00 INFO (6):     Indexing: /manual/1.0/ja/zend.service.strikeiron.advanced-uses.html
2010-01-17T17:37:49+00:00 INFO (6):     Indexing: /manual/1.0/ja/zend.date.creation.html
2010-01-17T17:37:49+00:00 INFO (6):     Indexing: /manual/1.0/ja/zend.service.amazon.html
2010-01-17T17:37:49+00:00 INFO (6):     Indexing: /manual/1.0/ja/zend.mail.smtp-authentication.html
2010-01-17T17:37:49+00:00 INFO (6):     Indexing: /manual/1.0/ja/zend.session.basic_usage.html
2010-01-17T17:37:49+00:00 INFO (6):     Indexing: /manual/1.0/ja/zend.cache.backends.html
2010-01-17T17:37:49+00:00 INFO (6):     Indexing: /manual/1.0/ja/zend.controller.action.html
2010-01-17T17:37:49+00:00 INFO (6):     Indexing: /manual/1.0/ja/zend.feed.importing.html
2010-01-17T17:37:50+00:00 INFO (6):     Indexing: /manual/1.0/ja/zend.locale.date.datesandtimes.html
2010-01-17T17:37:50+00:00 INFO (6):     Indexing: /manual/1.0/ja/zend.mail.boundary.html
2010-01-17T17:37:50+00:00 INFO (6):     Indexing: /manual/1.0/ja/zend.cache.html
2010-01-17T17:37:52+00:00 INFO (6):     Indexing: /manual/1.0/ja/zend.currency.useage.html
2010-01-17T17:37:52+00:00 INFO (6):     Indexing: /manual/1.0/ja/zend.date.constants.html
2010-01-17T17:37:52+00:00 INFO (6):     Indexing: /manual/1.0/ja/zend.translate.html
2010-01-17T17:37:53+00:00 INFO (6):     Indexing: /manual/1.0/ja/zend.controller.dispatcher.html
2010-01-17T17:37:53+00:00 INFO (6):     Indexing: /manual/1.0/ja/zend.controller.router.html
2010-01-17T17:37:53+00:00 INFO (6):     Indexing: /manual/1.0/ja/zend.mail.html-mails.html
2010-01-17T17:37:53+00:00 INFO (6):     Indexing: /manual/1.0/ja/zend.auth.adapter.dbtable.html
2010-01-17T17:37:53+00:00 INFO (6):     Indexing: /manual/1.0/ja/coding-standard.coding-style.html
2010-01-17T17:37:54+00:00 INFO (6):     Indexing: /manual/1.0/ja/zend.service.delicious.html
2010-01-17T17:37:54+00:00 INFO (6):     Indexing: /manual/1.0/ja/zend.service.html
2010-01-17T17:37:56+00:00 INFO (6):     Indexing: /manual/1.0/ja/zend.cache.theory.html
2010-01-17T17:37:56+00:00 INFO (6):     Indexing: /manual/1.0/ja/zend.validate.set.html
2010-01-17T17:37:56+00:00 INFO (6):     Indexing: /manual/1.0/ja/zend.db.html
2010-01-17T17:37:58+00:00 INFO (6):     Indexing: /manual/1.0/ja/zend.xmlrpc.html
2010-01-17T17:37:58+00:00 INFO (6):     Indexing: /manual/1.0/ja/zend.db.table.html
2010-01-17T17:37:58+00:00 INFO (6):     Indexing: /manual/1.0/ja/zend.mail.attachments.html
2010-01-17T17:37:59+00:00 INFO (6):     Indexing: /manual/1.0/ja/zend.controller.modular.html
2010-01-17T17:37:59+00:00 INFO (6):     Indexing: /manual/1.0/ja/zend.controller.front.html
2010-01-17T17:37:59+00:00 INFO (6):     Indexing: /manual/1.0/ja/zend.gdata.authsub.html
2010-01-17T17:37:59+00:00 INFO (6):     Indexing: /manual/1.0/ja/zend.validate.validator_chains.html
2010-01-17T17:38:01+00:00 INFO (6):     Indexing: /manual/1.0/ja/the.index.html
2010-01-17T17:38:02+00:00 INFO (6):     Indexing: /manual/1.0/ja/zend.search.lucene.query-language.html
2010-01-17T17:38:02+00:00 INFO (6):     Indexing: /manual/1.0/ja/zend.xmlrpc.client.html
2010-01-17T17:38:02+00:00 INFO (6):     Indexing: /manual/1.0/ja/zend.service.strikeiron.bundled-services.html
2010-01-17T17:38:03+00:00 INFO (6):     Indexing: /manual/1.0/ja/zend.xmlrpc.server.html
2010-01-17T17:38:03+00:00 INFO (6):     Indexing: /manual/1.0/ja/zend.view.scripts.html
2010-01-17T17:38:03+00:00 INFO (6):     Indexing: /manual/1.0/ja/zend.server.html
2010-01-17T17:38:04+00:00 INFO (6):     Indexing: /manual/1.0/ja/zend.loader.html
2010-01-17T17:38:04+00:00 INFO (6):     Indexing: /manual/1.0/ja/zend.currency.html
2010-01-17T17:38:04+00:00 INFO (6):     Indexing: /manual/1.0/ja/zend.mail.smtp-secure.html
2010-01-17T17:38:05+00:00 INFO (6):     Indexing: /manual/1.0/ja/zend.measure.output.html
2010-01-17T17:38:06+00:00 INFO (6):     Indexing: /manual/1.0/ja/zend.exception.html
2010-01-17T17:38:06+00:00 INFO (6):     Indexing: /manual/1.0/ja/zend.session.global_session_management.html
2010-01-17T17:38:07+00:00 INFO (6):     Indexing: /manual/1.0/ja/zend.pdf.pages.html
2010-01-17T17:38:07+00:00 INFO (6):     Indexing: /manual/1.0/ja/zend.rest.client.html
2010-01-17T17:38:07+00:00 INFO (6):     Indexing: /manual/1.0/ja/zend.log.filters.html
2010-01-17T17:38:08+00:00 INFO (6):     Indexing: /manual/1.0/ja/zend.measure.html
2010-01-17T17:38:08+00:00 INFO (6):     Indexing: /manual/1.0/ja/zend.service.simpy.html
2010-01-17T17:38:08+00:00 INFO (6):     Indexing: /manual/1.0/ja/zend.locale.regions.html
2010-01-17T17:38:09+00:00 INFO (6):     Indexing: /manual/1.0/ja/coding-standard.naming-conventions.html
2010-01-17T17:38:10+00:00 INFO (6):     Indexing: /manual/1.0/ja/zend.memory.memory-manager.html
2010-01-17T17:38:10+00:00 INFO (6):     Indexing: /manual/1.0/ja/zend.controller.plugins.html
2010-01-17T17:38:11+00:00 INFO (6):     Indexing: /manual/1.0/ja/zend.console.getopt.rules.html
2010-01-17T17:38:11+00:00 INFO (6):     Indexing: /manual/1.0/ja/zend.service.yahoo.html
2010-01-17T17:38:12+00:00 INFO (6):     Indexing: /manual/1.0/ja/zend.pdf.usage.html
2010-01-17T17:38:12+00:00 INFO (6):     Indexing: /manual/1.0/ja/zend.acl.advanced.html
2010-01-17T17:38:12+00:00 INFO (6):     Indexing: /manual/1.0/ja/zend.gdata.gapps.html
2010-01-17T17:38:13+00:00 INFO (6):     Indexing: /manual/1.0/ja/zend.pdf.save.html
2010-01-17T17:38:13+00:00 INFO (6):     Indexing: /manual/1.0/ja/zend.memory.html
2010-01-17T17:38:14+00:00 INFO (6):     Indexing: /manual/1.0/ja/zend.search.lucene.index-creation.html
2010-01-17T17:38:15+00:00 INFO (6):     Indexing: /manual/1.0/ja/zend.filter.writing_filters.html
2010-01-17T17:38:15+00:00 INFO (6):     Indexing: /manual/1.0/ja/zend.config.html
2010-01-17T17:38:16+00:00 INFO (6):     Indexing: /manual/1.0/ja/zend.view.html
2010-01-17T17:38:16+00:00 INFO (6):     Indexing: /manual/1.0/ja/zend.db.select.html
2010-01-17T17:38:17+00:00 INFO (6):     Indexing: /manual/1.0/ja/zend.json.objects.html
2010-01-17T17:38:17+00:00 INFO (6):     Indexing: /manual/1.0/ja/zend.log.writers.html
2010-01-17T17:38:18+00:00 INFO (6):     Indexing: /manual/1.0/ja/zend.acl.html
2010-01-17T17:38:18+00:00 INFO (6):     Indexing: /manual/1.0/ja/copyrights.html
2010-01-17T17:38:19+00:00 INFO (6):     Indexing: /manual/1.0/ja/zend.date.definition.theory.html
2010-01-17T17:38:19+00:00 INFO (6):     Indexing: /manual/1.0/ja/zend.mail.sending.html
2010-01-17T17:38:20+00:00 INFO (6):     Indexing: /manual/1.0/ja/zend.auth.adapter.digest.html
2010-01-17T17:38:21+00:00 INFO (6):     Indexing: /manual/1.0/ja/zend.registry.html
2010-01-17T17:38:21+00:00 INFO (6):     Indexing: /manual/1.0/ja/requirements.zendcomponents.html
2010-01-17T17:38:22+00:00 INFO (6):     Indexing: /manual/1.0/ja/zend.date.additional.html
2010-01-17T17:38:22+00:00 INFO (6):     Indexing: /manual/1.0/ja/zend.validate.writing_validators.html
2010-01-17T17:38:23+00:00 INFO (6):     Indexing: /manual/1.0/ja/zend.controller.actionhelpers.html
2010-01-17T17:38:24+00:00 INFO (6):     Indexing: /manual/1.0/ja/zend.auth.html
2010-01-17T17:38:24+00:00 INFO (6):     Indexing: /manual/1.0/ja/zend.controller.html
2010-01-17T17:38:25+00:00 INFO (6):     Indexing: /manual/1.0/ja/zend.console.getopt.html
2010-01-17T17:38:25+00:00 INFO (6):     Indexing: /manual/1.0/ja/coding-standard.html
2010-01-17T17:38:27+00:00 INFO (6):     Indexing: /manual/1.0/ja/zend.mail.additional-headers.html
2010-01-17T17:38:28+00:00 INFO (6):     Indexing: /manual/1.0/ja/zend.translate.using.html
2010-01-17T17:38:28+00:00 INFO (6):     Indexing: /manual/1.0/ja/zend.mail.multiple-emails.html
2010-01-17T17:38:29+00:00 INFO (6):     Indexing: /manual/1.0/ja/zend.auth.adapter.http.html
2010-01-17T17:38:29+00:00 INFO (6):     Indexing: /manual/1.0/ja/zend.feed.custom-feed.html
2010-01-17T17:38:30+00:00 INFO (6):     Indexing: /manual/1.0/ja/zend.mail.html
2010-01-17T17:38:30+00:00 INFO (6):     Indexing: /manual/1.0/ja/zend.console.getopt.fetching.html
2010-01-17T17:38:31+00:00 INFO (6):     Indexing: /manual/1.0/ja/index.html
2010-01-17T17:38:32+00:00 INFO (6):     Indexing: /manual/1.0/ja/zend.pdf.html
2010-01-17T17:38:33+00:00 INFO (6):     Indexing: /manual/1.0/ja/zend.measure.creation.html
2010-01-17T17:39:07+00:00 INFO (6):     Indexing: /manual/1.0/ja/zend.filter.set.html
2010-01-17T17:39:07+00:00 INFO (6):     Indexing: /manual/1.0/ja/zend.http.client.adapters.html
2010-01-17T17:39:08+00:00 INFO (6):     Indexing: /manual/1.0/ja/zend.controller.exceptions.html
2010-01-17T17:39:08+00:00 INFO (6):     Indexing: /manual/1.0/ja/coding-standard.php-file-formatting.html
2010-01-17T17:39:08+00:00 INFO (6):     Indexing: /manual/1.0/ja/zend.config.theory_of_operation.html
2010-01-17T17:39:08+00:00 INFO (6):     Indexing: /manual/1.0/ja/zend.service.akismet.html
2010-01-17T17:39:08+00:00 INFO (6):     Indexing: /manual/1.0/ja/zend.session.advanced_usage.html
2010-01-17T17:39:08+00:00 INFO (6):     Indexing: /manual/1.0/ja/zend.controller.request.html
2010-01-17T17:39:09+00:00 INFO (6):     Indexing: /manual/1.0/ja/zend.gdata.gbase.html
2010-01-17T17:39:09+00:00 INFO (6):     Indexing: /manual/1.0/ja/zend.log.formatters.html
2010-01-17T17:39:10+00:00 INFO (6):     Indexing: /manual/1.0/ja/zend.locale.parsing.html
2010-01-17T17:39:11+00:00 INFO (6):     Indexing: /manual/1.0/ja/zend.search.lucene.searching.html
2010-01-17T17:39:11+00:00 INFO (6):     Indexing: /manual/1.0/ja/zend.db.table.row.html
2010-01-17T17:39:11+00:00 INFO (6):     Indexing: /manual/1.0/ja/zend.log.html
2010-01-17T17:39:11+00:00 INFO (6):     Indexing: /manual/1.0/ja/zend.db.statement.html
2010-01-17T17:39:12+00:00 INFO (6):     Indexing: /manual/1.0/ja/zend.gdata.clientlogin.html
2010-01-17T17:39:12+00:00 INFO (6):     Indexing: /manual/1.0/ja/zend.search.lucene.extending.html
2010-01-17T17:39:12+00:00 INFO (6):     Indexing: /manual/1.0/ja/zend.gdata.html
2010-01-17T17:39:13+00:00 INFO (6):     Indexing: /manual/1.0/ja/zend.filter.html
2010-01-17T17:39:13+00:00 INFO (6):     Indexing: /manual/1.0/ja/zend.locale.functions.html
2010-01-17T17:39:15+00:00 INFO (6):     Indexing: /manual/1.0/ja/requirements.extensions.html
2010-01-17T17:39:15+00:00 INFO (6):     Indexing: /manual/1.0/ja/zend.server.reflection.html
2010-01-17T17:39:15+00:00 INFO (6):     Indexing: /manual/1.0/ja/zend.json.basics.html
2010-01-17T17:39:15+00:00 INFO (6):     Indexing: /manual/1.0/ja/zend.search.lucene.query-api.html
2010-01-17T17:39:16+00:00 INFO (6):     Indexing: /manual/1.0/ja/zend.mime.message.html
2010-01-17T17:39:16+00:00 INFO (6):     Indexing: /manual/1.0/ja/zend.console.getopt.configuration.html
2010-01-17T17:39:16+00:00 INFO (6):     Indexing: /manual/1.0/ja/zend.mime.html
2010-01-17T17:39:16+00:00 INFO (6):     Indexing: /manual/1.0/ja/introduction.installation.html
2010-01-17T17:39:16+00:00 INFO (6):     Indexing: /manual/1.0/ja/zend.memory.memory-objects.html
2010-01-17T17:39:16+00:00 INFO (6):     Indexing: /manual/1.0/ja/zend.locale.languages.html
2010-01-17T17:39:17+00:00 INFO (6):     Indexing: /manual/1.0/ja/zend.service.strikeiron.html
2010-01-17T17:39:18+00:00 INFO (6):     Indexing: /manual/1.0/ja/zend.feed.consuming-atom-single-entry.html
2010-01-17T17:39:18+00:00 INFO (6):     Indexing: /manual/1.0/ja/zend.feed.consuming-rss.html
2010-01-17T17:39:18+00:00 INFO (6):     Indexing: /manual/1.0/ja/zend.measure.edit.html
2010-01-17T17:39:18+00:00 INFO (6):     Indexing: /manual/1.0/ja/zend.mail.adding-recipients.html
2010-01-17T17:39:18+00:00 INFO (6):     Indexing: /manual/1.0/ja/zend.date.html
2010-01-17T17:39:18+00:00 INFO (6):     Indexing: /manual/1.0/ja/zend.search.lucene.java-lucene.html
2010-01-17T17:39:19+00:00 INFO (6):     Indexing: /manual/1.0/ja/zend.feed.consuming-atom.html
2010-01-17T17:39:19+00:00 INFO (6):     Indexing: /manual/1.0/ja/zend.feed.html
2010-01-17T17:39:19+00:00 INFO (6):     Indexing: /manual/1.0/ja/zend.gdata.calendar.html
2010-01-17T17:39:21+00:00 INFO (6):     Indexing: /manual/1.0/ja/zend.pdf.info.html
2010-01-17T17:39:21+00:00 INFO (6):     Indexing: /manual/1.0/ja/zend.http.response.html
2010-01-17T17:39:21+00:00 INFO (6):     Indexing: /manual/1.0/ja/zend.controller.migration.html
2010-01-17T17:39:21+00:00 INFO (6):     Indexing: /manual/1.0/ja/zend.filter.input.html
2010-01-17T17:39:22+00:00 INFO (6):     Indexing: /manual/1.0/ja/zend.pdf.create.html
2010-01-17T17:39:22+00:00 INFO (6):     Indexing: /manual/1.0/ja/zend.rest.html
2010-01-17T17:39:22+00:00 INFO (6):     Indexing: /manual/1.0/ja/zend.controller.response.html
2010-01-17T17:39:23+00:00 INFO (6):     Indexing: /manual/1.0/ja/zend.locale.html
2010-01-17T17:39:23+00:00 INFO (6):     Indexing: /manual/1.0/ja/zend.service.flickr.html
2010-01-17T17:39:23+00:00 INFO (6):     Indexing: /manual/1.0/ja/introduction.html
2010-01-17T17:39:25+00:00 INFO (6):     Indexing: /manual/1.0/ja/zend.mail.encoding.html
2010-01-17T17:39:25+00:00 INFO (6):     Indexing: /manual/1.0/ja/zend.version.html
2010-01-17T17:39:25+00:00 INFO (6):     Indexing: /manual/1.0/ja/zend.date.basic.html
2010-01-17T17:39:26+00:00 INFO (6):     Indexing: /manual/1.0/ja/zend.mail.different-transports.html
2010-01-17T17:39:26+00:00 INFO (6):     Indexing: /manual/1.0/ja/zend.feed.modifying-feed.html
2010-01-17T17:39:26+00:00 INFO (6):     Indexing: /manual/1.0/ja/zend.db.profiler.html
2010-01-17T17:39:26+00:00 INFO (6):     Indexing: /manual/1.0/ja/zend.http.html
2010-01-17T17:39:27+00:00 INFO (6):     Indexing: /manual/1.0/ja/zend.cache.frontends.html
2010-01-17T17:39:27+00:00 INFO (6):     Indexing: /manual/1.0/ja/zend.view.helpers.html
2010-01-17T17:39:28+00:00 INFO (6):     Indexing: /manual/1.0/ja/zend.search.lucene.html
2010-01-17T17:39:29+00:00 INFO (6):     Indexing: /manual/1.0/ja/zend.gdata.spreadsheets.html
2010-01-17T17:39:30+00:00 INFO (6):     Indexing: /manual/1.0/ja/zend.search.lucene.advanced.html
2010-01-17T17:39:30+00:00 INFO (6):     Indexing: /manual/1.0/ja/zend.db.table.relationships.html
2010-01-17T17:39:30+00:00 INFO (6):     Indexing: /manual/1.0/ja/zend.http.cookies.html
2010-01-17T17:39:31+00:00 INFO (6):     Indexing: /manual/1.0/ja/zend.json.html
2010-01-17T17:39:31+00:00 INFO (6):     Indexing: /manual/1.0/ja/zend.service.audioscrobbler.html
2010-01-17T17:39:31+00:00 INFO (6):     Indexing: /manual/1.0/ja/zend.controller.basics.html
2010-01-17T17:39:32+00:00 INFO (6):     Indexing: /manual/1.0/ja/zend.db.table.rowset.html
2010-01-17T17:39:32+00:00 INFO (6):     Indexing: /manual/1.0/ja/requirements.html
2010-01-17T17:39:32+00:00 INFO (6):     Indexing: /manual/1.0/ja/zend.validate.html
2010-01-17T17:39:34+00:00 INFO (6):     Indexing: /manual/1.0/ja/zend.mail.character-sets.html
2010-01-17T17:39:34+00:00 INFO (6):     Indexing: /manual/1.0/ja/zend.measure.types.html
2010-01-17T17:39:35+00:00 INFO (6):     Indexing: /manual/1.0/ja/zend.view.controllers.html
2010-01-17T17:39:35+00:00 INFO (6):     Indexing: /manual/1.0/ja/zend.translate.adapter.html
2010-01-17T17:39:35+00:00 INFO (6):     Indexing: /manual/1.0/ja/zend.debug.html
2010-01-17T17:39:35+00:00 INFO (6):     Indexing: /manual/1.0/ja/zend.config.adapters.ini.html
2010-01-17T17:39:36+00:00 INFO (6):     Indexing: /manual/1.0/ja/zend.rest.server.html
2010-01-17T17:39:36+00:00 INFO (6):     Indexing: /manual/1.0/ja/zend.search.lucene.best-practice.html
2010-01-17T17:39:37+00:00 INFO (6):     Indexing: /manual/1.0/ja/zend.mail.read.html
2010-01-17T17:39:37+00:00 INFO (6):     Indexing: /manual/1.0/ja/zend.config.adapters.xml.html
2010-01-17T17:39:39+00:00 INFO (6):     Indexing: /manual/1.0/ja/zend.filter.filter_chains.html
2010-01-17T17:39:39+00:00 INFO (6):     Indexing: /manual/1.0/ja/zend.gdata.exception.html
2010-01-17T17:39:39+00:00 INFO (6): INDEXING LANGUAGE: de
2010-01-17T17:39:39+00:00 INFO (6):     Indexing: /manual/1.0/de/zend.search.lucene.charset.html
2010-01-17T17:39:39+00:00 INFO (6):     Indexing: /manual/1.0/de/zend.mime.part.html
2010-01-17T17:39:40+00:00 INFO (6):     Indexing: /manual/1.0/de/zend.json.xml2json.html
2010-01-17T17:39:40+00:00 INFO (6):     Indexing: /manual/1.0/de/zend.feed.findFeeds.html
2010-01-17T17:39:40+00:00 INFO (6):     Indexing: /manual/1.0/de/zend.acl.refining.html
2010-01-17T17:39:41+00:00 INFO (6):     Indexing: /manual/1.0/de/zend.http.client.advanced.html
2010-01-17T17:39:41+00:00 INFO (6):     Indexing: /manual/1.0/de/zend.session.html
2010-01-17T17:39:42+00:00 INFO (6):     Indexing: /manual/1.0/de/zend.date.overview.html
2010-01-17T17:39:44+00:00 INFO (6):     Indexing: /manual/1.0/de/zend.uri.html
2010-01-17T17:39:45+00:00 INFO (6):     Indexing: /manual/1.0/de/zend.service.strikeiron.advanced-uses.html
2010-01-17T17:39:45+00:00 INFO (6):     Indexing: /manual/1.0/de/zend.date.creation.html
2010-01-17T17:39:45+00:00 INFO (6):     Indexing: /manual/1.0/de/zend.service.amazon.html
2010-01-17T17:39:46+00:00 INFO (6):     Indexing: /manual/1.0/de/zend.mail.smtp-authentication.html
2010-01-17T17:39:46+00:00 INFO (6):     Indexing: /manual/1.0/de/zend.session.basic_usage.html
2010-01-17T17:39:47+00:00 INFO (6):     Indexing: /manual/1.0/de/zend.cache.backends.html
2010-01-17T17:39:47+00:00 INFO (6):     Indexing: /manual/1.0/de/zend.controller.action.html
2010-01-17T17:39:48+00:00 INFO (6):     Indexing: /manual/1.0/de/zend.feed.importing.html
2010-01-17T17:39:48+00:00 INFO (6):     Indexing: /manual/1.0/de/zend.locale.date.datesandtimes.html
2010-01-17T17:40:21+00:00 INFO (6):     Indexing: /manual/1.0/de/zend.mail.boundary.html
2010-01-17T17:40:21+00:00 INFO (6):     Indexing: /manual/1.0/de/zend.cache.html
2010-01-17T17:40:22+00:00 INFO (6):     Indexing: /manual/1.0/de/zend.date.constants.html
2010-01-17T17:40:22+00:00 INFO (6):     Indexing: /manual/1.0/de/zend.translate.html
2010-01-17T17:40:23+00:00 INFO (6):     Indexing: /manual/1.0/de/zend.controller.dispatcher.html
2010-01-17T17:40:23+00:00 INFO (6):     Indexing: /manual/1.0/de/zend.controller.router.html
2010-01-17T17:40:24+00:00 INFO (6):     Indexing: /manual/1.0/de/zend.mail.html-mails.html
2010-01-17T17:40:24+00:00 INFO (6):     Indexing: /manual/1.0/de/zend.auth.adapter.dbtable.html
2010-01-17T17:40:24+00:00 INFO (6):     Indexing: /manual/1.0/de/coding-standard.coding-style.html
2010-01-17T17:40:24+00:00 INFO (6):     Indexing: /manual/1.0/de/zend.service.delicious.html
2010-01-17T17:40:26+00:00 INFO (6):     Indexing: /manual/1.0/de/zend.service.html
2010-01-17T17:40:27+00:00 INFO (6):     Indexing: /manual/1.0/de/zend.cache.theory.html
2010-01-17T17:40:27+00:00 INFO (6):     Indexing: /manual/1.0/de/zend.validate.set.html
2010-01-17T17:40:27+00:00 INFO (6):     Indexing: /manual/1.0/de/zend.db.html
2010-01-17T17:40:30+00:00 INFO (6):     Indexing: /manual/1.0/de/zend.xmlrpc.html
2010-01-17T17:40:30+00:00 INFO (6):     Indexing: /manual/1.0/de/zend.db.table.html
2010-01-17T17:40:32+00:00 INFO (6):     Indexing: /manual/1.0/de/zend.mail.attachments.html
2010-01-17T17:40:32+00:00 INFO (6):     Indexing: /manual/1.0/de/zend.controller.modular.html
2010-01-17T17:40:32+00:00 INFO (6):     Indexing: /manual/1.0/de/zend.controller.front.html
2010-01-17T17:40:33+00:00 INFO (6):     Indexing: /manual/1.0/de/zend.gdata.authsub.html
2010-01-17T17:40:35+00:00 INFO (6):     Indexing: /manual/1.0/de/zend.validate.validator_chains.html
2010-01-17T17:40:35+00:00 INFO (6):     Indexing: /manual/1.0/de/the.index.html
2010-01-17T17:40:35+00:00 INFO (6):     Indexing: /manual/1.0/de/zend.search.lucene.query-language.html
2010-01-17T17:40:36+00:00 INFO (6):     Indexing: /manual/1.0/de/zend.xmlrpc.client.html
2010-01-17T17:40:36+00:00 INFO (6):     Indexing: /manual/1.0/de/zend.service.strikeiron.bundled-services.html
2010-01-17T17:40:36+00:00 INFO (6):     Indexing: /manual/1.0/de/zend.xmlrpc.server.html
2010-01-17T17:40:37+00:00 INFO (6):     Indexing: /manual/1.0/de/zend.view.scripts.html
2010-01-17T17:40:37+00:00 INFO (6):     Indexing: /manual/1.0/de/zend.server.html
2010-01-17T17:40:37+00:00 INFO (6):     Indexing: /manual/1.0/de/zend.loader.html
2010-01-17T17:40:38+00:00 INFO (6):     Indexing: /manual/1.0/de/zend.mail.smtp-secure.html
2010-01-17T17:40:39+00:00 INFO (6):     Indexing: /manual/1.0/de/zend.measure.output.html
2010-01-17T17:40:39+00:00 INFO (6):     Indexing: /manual/1.0/de/zend.exception.html
2010-01-17T17:40:40+00:00 INFO (6):     Indexing: /manual/1.0/de/zend.session.global_session_management.html
2010-01-17T17:40:41+00:00 INFO (6):     Indexing: /manual/1.0/de/zend.pdf.pages.html
2010-01-17T17:40:41+00:00 INFO (6):     Indexing: /manual/1.0/de/zend.rest.client.html
2010-01-17T17:40:41+00:00 INFO (6):     Indexing: /manual/1.0/de/zend.log.filters.html
2010-01-17T17:40:41+00:00 INFO (6):     Indexing: /manual/1.0/de/zend.measure.html
2010-01-17T17:40:41+00:00 INFO (6):     Indexing: /manual/1.0/de/zend.service.simpy.html
2010-01-17T17:40:42+00:00 INFO (6):     Indexing: /manual/1.0/de/zend.locale.regions.html
2010-01-17T17:40:42+00:00 INFO (6):     Indexing: /manual/1.0/de/coding-standard.naming-conventions.html
2010-01-17T17:40:44+00:00 INFO (6):     Indexing: /manual/1.0/de/zend.memory.memory-manager.html
2010-01-17T17:40:44+00:00 INFO (6):     Indexing: /manual/1.0/de/zend.controller.plugins.html
2010-01-17T17:40:44+00:00 INFO (6):     Indexing: /manual/1.0/de/zend.console.getopt.rules.html
2010-01-17T17:40:45+00:00 INFO (6):     Indexing: /manual/1.0/de/zend.service.yahoo.html
2010-01-17T17:40:45+00:00 INFO (6):     Indexing: /manual/1.0/de/zend.pdf.usage.html
2010-01-17T17:40:45+00:00 INFO (6):     Indexing: /manual/1.0/de/zend.acl.advanced.html
2010-01-17T17:40:46+00:00 INFO (6):     Indexing: /manual/1.0/de/zend.gdata.gapps.html
2010-01-17T17:40:47+00:00 INFO (6):     Indexing: /manual/1.0/de/zend.pdf.save.html
2010-01-17T17:40:47+00:00 INFO (6):     Indexing: /manual/1.0/de/zend.memory.html
2010-01-17T17:40:47+00:00 INFO (6):     Indexing: /manual/1.0/de/zend.search.lucene.index-creation.html
2010-01-17T17:40:49+00:00 INFO (6):     Indexing: /manual/1.0/de/zend.filter.writing_filters.html
2010-01-17T17:40:49+00:00 INFO (6):     Indexing: /manual/1.0/de/zend.config.html
2010-01-17T17:40:49+00:00 INFO (6):     Indexing: /manual/1.0/de/zend.view.html
2010-01-17T17:40:50+00:00 INFO (6):     Indexing: /manual/1.0/de/zend.db.select.html
2010-01-17T17:40:51+00:00 INFO (6):     Indexing: /manual/1.0/de/zend.json.objects.html
2010-01-17T17:40:51+00:00 INFO (6):     Indexing: /manual/1.0/de/zend.log.writers.html
2010-01-17T17:40:52+00:00 INFO (6):     Indexing: /manual/1.0/de/zend.acl.html
2010-01-17T17:40:52+00:00 INFO (6):     Indexing: /manual/1.0/de/copyrights.html
2010-01-17T17:40:52+00:00 INFO (6):     Indexing: /manual/1.0/de/zend.date.definition.theory.html
2010-01-17T17:40:53+00:00 INFO (6):     Indexing: /manual/1.0/de/zend.mail.sending.html
2010-01-17T17:40:54+00:00 INFO (6):     Indexing: /manual/1.0/de/zend.auth.adapter.digest.html
2010-01-17T17:40:54+00:00 INFO (6):     Indexing: /manual/1.0/de/zend.registry.html
2010-01-17T17:40:55+00:00 INFO (6):     Indexing: /manual/1.0/de/requirements.zendcomponents.html
2010-01-17T17:40:55+00:00 INFO (6):     Indexing: /manual/1.0/de/zend.date.additional.html
2010-01-17T17:40:56+00:00 INFO (6):     Indexing: /manual/1.0/de/zend.validate.writing_validators.html
2010-01-17T17:40:56+00:00 INFO (6):     Indexing: /manual/1.0/de/zend.controller.actionhelpers.html
2010-01-17T17:40:58+00:00 INFO (6):     Indexing: /manual/1.0/de/zend.auth.html
2010-01-17T17:40:58+00:00 INFO (6):     Indexing: /manual/1.0/de/zend.controller.html
2010-01-17T17:40:59+00:00 INFO (6):     Indexing: /manual/1.0/de/zend.console.getopt.html
2010-01-17T17:40:59+00:00 INFO (6):     Indexing: /manual/1.0/de/coding-standard.html
2010-01-17T17:41:01+00:00 INFO (6):     Indexing: /manual/1.0/de/zend.mail.additional-headers.html
2010-01-17T17:41:01+00:00 INFO (6):     Indexing: /manual/1.0/de/zend.translate.using.html
2010-01-17T17:41:02+00:00 INFO (6):     Indexing: /manual/1.0/de/zend.mail.multiple-emails.html
2010-01-17T17:41:02+00:00 INFO (6):     Indexing: /manual/1.0/de/zend.auth.adapter.http.html
2010-01-17T17:41:03+00:00 INFO (6):     Indexing: /manual/1.0/de/zend.feed.custom-feed.html
2010-01-17T17:41:03+00:00 INFO (6):     Indexing: /manual/1.0/de/zend.mail.html
2010-01-17T17:41:03+00:00 INFO (6):     Indexing: /manual/1.0/de/zend.console.getopt.fetching.html
2010-01-17T17:41:04+00:00 INFO (6):     Indexing: /manual/1.0/de/index.html
2010-01-17T17:41:06+00:00 INFO (6):     Indexing: /manual/1.0/de/zend.pdf.html
2010-01-17T17:41:06+00:00 INFO (6):     Indexing: /manual/1.0/de/zend.measure.creation.html
2010-01-17T17:41:08+00:00 INFO (6):     Indexing: /manual/1.0/de/zend.filter.set.html
2010-01-17T17:41:08+00:00 INFO (6):     Indexing: /manual/1.0/de/zend.http.client.adapters.html
2010-01-17T17:41:09+00:00 INFO (6):     Indexing: /manual/1.0/de/zend.controller.exceptions.html
2010-01-17T17:41:09+00:00 INFO (6):     Indexing: /manual/1.0/de/coding-standard.php-file-formatting.html
2010-01-17T17:41:10+00:00 INFO (6):     Indexing: /manual/1.0/de/zend.config.theory_of_operation.html
2010-01-17T17:41:10+00:00 INFO (6):     Indexing: /manual/1.0/de/zend.service.akismet.html
2010-01-17T17:41:11+00:00 INFO (6):     Indexing: /manual/1.0/de/zend.session.advanced_usage.html
2010-01-17T17:41:11+00:00 INFO (6):     Indexing: /manual/1.0/de/zend.controller.request.html
2010-01-17T17:41:12+00:00 INFO (6):     Indexing: /manual/1.0/de/zend.gdata.gbase.html
2010-01-17T17:41:12+00:00 INFO (6):     Indexing: /manual/1.0/de/zend.log.formatters.html
2010-01-17T17:41:14+00:00 INFO (6):     Indexing: /manual/1.0/de/zend.locale.parsing.html
2010-01-17T17:41:15+00:00 INFO (6):     Indexing: /manual/1.0/de/zend.search.lucene.searching.html
2010-01-17T17:41:15+00:00 INFO (6):     Indexing: /manual/1.0/de/zend.db.table.row.html
2010-01-17T17:41:16+00:00 INFO (6):     Indexing: /manual/1.0/de/zend.log.html
2010-01-17T17:41:17+00:00 INFO (6):     Indexing: /manual/1.0/de/zend.db.statement.html
2010-01-17T17:41:17+00:00 INFO (6):     Indexing: /manual/1.0/de/zend.gdata.clientlogin.html
2010-01-17T17:41:18+00:00 INFO (6):     Indexing: /manual/1.0/de/zend.search.lucene.extending.html
2010-01-17T17:41:18+00:00 INFO (6):     Indexing: /manual/1.0/de/zend.gdata.html
2010-01-17T17:41:19+00:00 INFO (6):     Indexing: /manual/1.0/de/zend.filter.html
2010-01-17T17:41:19+00:00 INFO (6):     Indexing: /manual/1.0/de/zend.locale.functions.html
2010-01-17T17:41:52+00:00 INFO (6):     Indexing: /manual/1.0/de/requirements.extensions.html
2010-01-17T17:41:53+00:00 INFO (6):     Indexing: /manual/1.0/de/zend.server.reflection.html
2010-01-17T17:41:53+00:00 INFO (6):     Indexing: /manual/1.0/de/zend.json.basics.html
2010-01-17T17:41:53+00:00 INFO (6):     Indexing: /manual/1.0/de/zend.search.lucene.query-api.html
2010-01-17T17:41:53+00:00 INFO (6):     Indexing: /manual/1.0/de/zend.mime.message.html
2010-01-17T17:41:53+00:00 INFO (6):     Indexing: /manual/1.0/de/zend.console.getopt.configuration.html
2010-01-17T17:41:54+00:00 INFO (6):     Indexing: /manual/1.0/de/zend.mime.html
2010-01-17T17:41:54+00:00 INFO (6):     Indexing: /manual/1.0/de/introduction.installation.html
2010-01-17T17:41:54+00:00 INFO (6):     Indexing: /manual/1.0/de/zend.memory.memory-objects.html
2010-01-17T17:41:54+00:00 INFO (6):     Indexing: /manual/1.0/de/zend.locale.languages.html
2010-01-17T17:41:55+00:00 INFO (6):     Indexing: /manual/1.0/de/zend.service.strikeiron.html
2010-01-17T17:41:56+00:00 INFO (6):     Indexing: /manual/1.0/de/zend.feed.consuming-atom-single-entry.html
2010-01-17T17:41:56+00:00 INFO (6):     Indexing: /manual/1.0/de/zend.feed.consuming-rss.html
2010-01-17T17:41:56+00:00 INFO (6):     Indexing: /manual/1.0/de/zend.measure.edit.html
2010-01-17T17:41:56+00:00 INFO (6):     Indexing: /manual/1.0/de/zend.mail.adding-recipients.html
2010-01-17T17:41:57+00:00 INFO (6):     Indexing: /manual/1.0/de/zend.date.html
2010-01-17T17:41:57+00:00 INFO (6):     Indexing: /manual/1.0/de/zend.search.lucene.java-lucene.html
2010-01-17T17:41:57+00:00 INFO (6):     Indexing: /manual/1.0/de/zend.feed.consuming-atom.html
2010-01-17T17:41:57+00:00 INFO (6):     Indexing: /manual/1.0/de/zend.feed.html
2010-01-17T17:41:57+00:00 INFO (6):     Indexing: /manual/1.0/de/zend.gdata.calendar.html
2010-01-17T17:42:00+00:00 INFO (6):     Indexing: /manual/1.0/de/zend.pdf.info.html
2010-01-17T17:42:00+00:00 INFO (6):     Indexing: /manual/1.0/de/zend.http.response.html
2010-01-17T17:42:00+00:00 INFO (6):     Indexing: /manual/1.0/de/zend.controller.migration.html
2010-01-17T17:42:01+00:00 INFO (6):     Indexing: /manual/1.0/de/zend.filter.input.html
2010-01-17T17:42:02+00:00 INFO (6):     Indexing: /manual/1.0/de/zend.pdf.create.html
2010-01-17T17:42:02+00:00 INFO (6):     Indexing: /manual/1.0/de/zend.rest.html
2010-01-17T17:42:02+00:00 INFO (6):     Indexing: /manual/1.0/de/zend.controller.response.html
2010-01-17T17:42:03+00:00 INFO (6):     Indexing: /manual/1.0/de/zend.locale.html
2010-01-17T17:42:03+00:00 INFO (6):     Indexing: /manual/1.0/de/zend.service.flickr.html
2010-01-17T17:42:04+00:00 INFO (6):     Indexing: /manual/1.0/de/introduction.html
2010-01-17T17:42:05+00:00 INFO (6):     Indexing: /manual/1.0/de/zend.mail.encoding.html
2010-01-17T17:42:06+00:00 INFO (6):     Indexing: /manual/1.0/de/zend.version.html
2010-01-17T17:42:06+00:00 INFO (6):     Indexing: /manual/1.0/de/zend.date.basic.html
2010-01-17T17:42:06+00:00 INFO (6):     Indexing: /manual/1.0/de/zend.mail.different-transports.html
2010-01-17T17:42:06+00:00 INFO (6):     Indexing: /manual/1.0/de/zend.feed.modifying-feed.html
2010-01-17T17:42:06+00:00 INFO (6):     Indexing: /manual/1.0/de/zend.db.profiler.html
2010-01-17T17:42:07+00:00 INFO (6):     Indexing: /manual/1.0/de/zend.http.html
2010-01-17T17:42:07+00:00 INFO (6):     Indexing: /manual/1.0/de/zend.cache.frontends.html
2010-01-17T17:42:08+00:00 INFO (6):     Indexing: /manual/1.0/de/zend.view.helpers.html
2010-01-17T17:42:08+00:00 INFO (6):     Indexing: /manual/1.0/de/zend.search.lucene.html
2010-01-17T17:42:10+00:00 INFO (6):     Indexing: /manual/1.0/de/zend.gdata.spreadsheets.html
2010-01-17T17:42:10+00:00 INFO (6):     Indexing: /manual/1.0/de/zend.search.lucene.advanced.html
2010-01-17T17:42:11+00:00 INFO (6):     Indexing: /manual/1.0/de/zend.db.table.relationships.html
2010-01-17T17:42:12+00:00 INFO (6):     Indexing: /manual/1.0/de/zend.http.cookies.html
2010-01-17T17:42:12+00:00 INFO (6):     Indexing: /manual/1.0/de/zend.json.html
2010-01-17T17:42:12+00:00 INFO (6):     Indexing: /manual/1.0/de/zend.service.audioscrobbler.html
2010-01-17T17:42:13+00:00 INFO (6):     Indexing: /manual/1.0/de/zend.controller.basics.html
2010-01-17T17:42:13+00:00 INFO (6):     Indexing: /manual/1.0/de/zend.db.table.rowset.html
2010-01-17T17:42:14+00:00 INFO (6):     Indexing: /manual/1.0/de/requirements.html
2010-01-17T17:42:14+00:00 INFO (6):     Indexing: /manual/1.0/de/zend.validate.html
2010-01-17T17:42:16+00:00 INFO (6):     Indexing: /manual/1.0/de/zend.mail.character-sets.html
2010-01-17T17:42:16+00:00 INFO (6):     Indexing: /manual/1.0/de/zend.measure.types.html
2010-01-17T17:42:16+00:00 INFO (6):     Indexing: /manual/1.0/de/zend.view.controllers.html
2010-01-17T17:42:17+00:00 INFO (6):     Indexing: /manual/1.0/de/zend.translate.adapter.html
2010-01-17T17:42:17+00:00 INFO (6):     Indexing: /manual/1.0/de/zend.debug.html
2010-01-17T17:42:17+00:00 INFO (6):     Indexing: /manual/1.0/de/zend.config.adapters.ini.html
2010-01-17T17:42:17+00:00 INFO (6):     Indexing: /manual/1.0/de/zend.rest.server.html
2010-01-17T17:42:18+00:00 INFO (6):     Indexing: /manual/1.0/de/zend.search.lucene.best-practice.html
2010-01-17T17:42:18+00:00 INFO (6):     Indexing: /manual/1.0/de/zend.mail.read.html
2010-01-17T17:42:19+00:00 INFO (6):     Indexing: /manual/1.0/de/zend.config.adapters.xml.html
2010-01-17T17:42:21+00:00 INFO (6):     Indexing: /manual/1.0/de/zend.filter.filter_chains.html
2010-01-17T17:42:21+00:00 INFO (6):     Indexing: /manual/1.0/de/zend.gdata.exception.html
2010-01-17T17:42:21+00:00 INFO (6): INDEXING LANGUAGE: fr
2010-01-17T17:42:21+00:00 INFO (6):     Indexing: /manual/1.0/fr/zend.search.lucene.charset.html
2010-01-17T17:42:22+00:00 INFO (6):     Indexing: /manual/1.0/fr/zend.mime.part.html
2010-01-17T17:42:22+00:00 INFO (6):     Indexing: /manual/1.0/fr/zend.json.xml2json.html
2010-01-17T17:42:22+00:00 INFO (6):     Indexing: /manual/1.0/fr/zend.feed.findFeeds.html
2010-01-17T17:42:22+00:00 INFO (6):     Indexing: /manual/1.0/fr/zend.acl.refining.html
2010-01-17T17:42:23+00:00 INFO (6):     Indexing: /manual/1.0/fr/zend.http.client.advanced.html
2010-01-17T17:42:23+00:00 INFO (6):     Indexing: /manual/1.0/fr/zend.session.html
2010-01-17T17:42:24+00:00 INFO (6):     Indexing: /manual/1.0/fr/zend.date.overview.html
2010-01-17T17:42:26+00:00 INFO (6):     Indexing: /manual/1.0/fr/zend.uri.html
2010-01-17T17:42:26+00:00 INFO (6):     Indexing: /manual/1.0/fr/zend.service.strikeiron.advanced-uses.html
2010-01-17T17:42:27+00:00 INFO (6):     Indexing: /manual/1.0/fr/zend.date.creation.html
2010-01-17T17:42:27+00:00 INFO (6):     Indexing: /manual/1.0/fr/zend.service.amazon.html
2010-01-17T17:42:28+00:00 INFO (6):     Indexing: /manual/1.0/fr/zend.mail.smtp-authentication.html
2010-01-17T17:42:28+00:00 INFO (6):     Indexing: /manual/1.0/fr/zend.cache.backends.html
2010-01-17T17:42:28+00:00 INFO (6):     Indexing: /manual/1.0/fr/zend.controller.action.html
2010-01-17T17:42:29+00:00 INFO (6):     Indexing: /manual/1.0/fr/zend.feed.importing.html
2010-01-17T17:42:29+00:00 INFO (6):     Indexing: /manual/1.0/fr/zend.locale.date.datesandtimes.html
2010-01-17T17:42:30+00:00 INFO (6):     Indexing: /manual/1.0/fr/zend.mail.boundary.html
2010-01-17T17:42:32+00:00 INFO (6):     Indexing: /manual/1.0/fr/zend.cache.html
2010-01-17T17:42:32+00:00 INFO (6):     Indexing: /manual/1.0/fr/zend.currency.useage.html
2010-01-17T17:42:33+00:00 INFO (6):     Indexing: /manual/1.0/fr/zend.date.constants.html
2010-01-17T17:42:33+00:00 INFO (6):     Indexing: /manual/1.0/fr/zend.translate.html
2010-01-17T17:42:34+00:00 INFO (6):     Indexing: /manual/1.0/fr/zend.controller.dispatcher.html
2010-01-17T17:42:34+00:00 INFO (6):     Indexing: /manual/1.0/fr/zend.controller.router.html
2010-01-17T17:42:35+00:00 INFO (6):     Indexing: /manual/1.0/fr/zend.mail.html-mails.html
2010-01-17T17:42:36+00:00 INFO (6):     Indexing: /manual/1.0/fr/zend.auth.adapter.dbtable.html
2010-01-17T17:42:36+00:00 INFO (6):     Indexing: /manual/1.0/fr/coding-standard.coding-style.html
2010-01-17T17:42:37+00:00 INFO (6):     Indexing: /manual/1.0/fr/zend.service.delicious.html
2010-01-17T17:42:39+00:00 INFO (6):     Indexing: /manual/1.0/fr/zend.service.html
2010-01-17T17:42:39+00:00 INFO (6):     Indexing: /manual/1.0/fr/zend.cache.theory.html
2010-01-17T17:42:40+00:00 INFO (6):     Indexing: /manual/1.0/fr/zend.validate.set.html
2010-01-17T17:42:40+00:00 INFO (6):     Indexing: /manual/1.0/fr/zend.db.html
2010-01-17T17:42:43+00:00 INFO (6):     Indexing: /manual/1.0/fr/zend.xmlrpc.html
2010-01-17T17:42:43+00:00 INFO (6):     Indexing: /manual/1.0/fr/zend.db.table.html
2010-01-17T17:42:45+00:00 INFO (6):     Indexing: /manual/1.0/fr/zend.mail.attachments.html
2010-01-17T17:42:45+00:00 INFO (6):     Indexing: /manual/1.0/fr/zend.controller.modular.html
2010-01-17T17:42:46+00:00 INFO (6):     Indexing: /manual/1.0/fr/zend.controller.front.html
2010-01-17T17:42:46+00:00 INFO (6):     Indexing: /manual/1.0/fr/zend.gdata.authsub.html
2010-01-17T17:43:17+00:00 INFO (6):     Indexing: /manual/1.0/fr/zend.validate.validator_chains.html
2010-01-17T17:43:17+00:00 INFO (6):     Indexing: /manual/1.0/fr/the.index.html
2010-01-17T17:43:17+00:00 INFO (6):     Indexing: /manual/1.0/fr/zend.search.lucene.query-language.html
2010-01-17T17:43:17+00:00 INFO (6):     Indexing: /manual/1.0/fr/zend.xmlrpc.client.html
2010-01-17T17:43:18+00:00 INFO (6):     Indexing: /manual/1.0/fr/zend.service.strikeiron.bundled-services.html
2010-01-17T17:43:18+00:00 INFO (6):     Indexing: /manual/1.0/fr/zend.xmlrpc.server.html
2010-01-17T17:43:19+00:00 INFO (6):     Indexing: /manual/1.0/fr/zend.view.scripts.html
2010-01-17T17:43:19+00:00 INFO (6):     Indexing: /manual/1.0/fr/zend.server.html
2010-01-17T17:43:19+00:00 INFO (6):     Indexing: /manual/1.0/fr/zend.loader.html
2010-01-17T17:43:19+00:00 INFO (6):     Indexing: /manual/1.0/fr/zend.currency.html
2010-01-17T17:43:21+00:00 INFO (6):     Indexing: /manual/1.0/fr/zend.mail.smtp-secure.html
2010-01-17T17:43:21+00:00 INFO (6):     Indexing: /manual/1.0/fr/zend.measure.output.html
2010-01-17T17:43:21+00:00 INFO (6):     Indexing: /manual/1.0/fr/zend.exception.html
2010-01-17T17:43:21+00:00 INFO (6):     Indexing: /manual/1.0/fr/zend.session.global_session_management.html
2010-01-17T17:43:22+00:00 INFO (6):     Indexing: /manual/1.0/fr/zend.pdf.pages.html
2010-01-17T17:43:23+00:00 INFO (6):     Indexing: /manual/1.0/fr/zend.rest.client.html
2010-01-17T17:43:23+00:00 INFO (6):     Indexing: /manual/1.0/fr/zend.log.filters.html
2010-01-17T17:43:23+00:00 INFO (6):     Indexing: /manual/1.0/fr/zend.measure.html
2010-01-17T17:43:23+00:00 INFO (6):     Indexing: /manual/1.0/fr/zend.service.simpy.html
2010-01-17T17:43:24+00:00 INFO (6):     Indexing: /manual/1.0/fr/zend.locale.regions.html
2010-01-17T17:43:25+00:00 INFO (6):     Indexing: /manual/1.0/fr/coding-standard.naming-conventions.html
2010-01-17T17:43:25+00:00 INFO (6):     Indexing: /manual/1.0/fr/zend.memory.memory-manager.html
2010-01-17T17:43:26+00:00 INFO (6):     Indexing: /manual/1.0/fr/zend.controller.plugins.html
2010-01-17T17:43:26+00:00 INFO (6):     Indexing: /manual/1.0/fr/zend.console.getopt.rules.html
2010-01-17T17:43:26+00:00 INFO (6):     Indexing: /manual/1.0/fr/zend.service.yahoo.html
2010-01-17T17:43:27+00:00 INFO (6):     Indexing: /manual/1.0/fr/zend.pdf.usage.html
2010-01-17T17:43:27+00:00 INFO (6):     Indexing: /manual/1.0/fr/zend.acl.advanced.html
2010-01-17T17:43:27+00:00 INFO (6):     Indexing: /manual/1.0/fr/zend.pdf.save.html
2010-01-17T17:43:28+00:00 INFO (6):     Indexing: /manual/1.0/fr/zend.session.basicusage.html
2010-01-17T17:43:28+00:00 INFO (6):     Indexing: /manual/1.0/fr/zend.memory.html
2010-01-17T17:43:29+00:00 INFO (6):     Indexing: /manual/1.0/fr/zend.search.lucene.index-creation.html
2010-01-17T17:43:29+00:00 INFO (6):     Indexing: /manual/1.0/fr/zend.filter.writing_filters.html
2010-01-17T17:43:30+00:00 INFO (6):     Indexing: /manual/1.0/fr/zend.config.html
2010-01-17T17:43:30+00:00 INFO (6):     Indexing: /manual/1.0/fr/zend.view.html
2010-01-17T17:43:30+00:00 INFO (6):     Indexing: /manual/1.0/fr/zend.db.select.html
2010-01-17T17:43:32+00:00 INFO (6):     Indexing: /manual/1.0/fr/zend.json.objects.html
2010-01-17T17:43:32+00:00 INFO (6):     Indexing: /manual/1.0/fr/zend.log.writers.html
2010-01-17T17:43:32+00:00 INFO (6):     Indexing: /manual/1.0/fr/zend.acl.html
2010-01-17T17:43:33+00:00 INFO (6):     Indexing: /manual/1.0/fr/copyrights.html
2010-01-17T17:43:33+00:00 INFO (6):     Indexing: /manual/1.0/fr/zend.date.definition.theory.html
2010-01-17T17:43:35+00:00 INFO (6):     Indexing: /manual/1.0/fr/zend.mail.sending.html
2010-01-17T17:43:35+00:00 INFO (6):     Indexing: /manual/1.0/fr/zend.auth.adapter.digest.html
2010-01-17T17:43:35+00:00 INFO (6):     Indexing: /manual/1.0/fr/zend.registry.html
2010-01-17T17:43:35+00:00 INFO (6):     Indexing: /manual/1.0/fr/requirements.zendcomponents.html
2010-01-17T17:43:36+00:00 INFO (6):     Indexing: /manual/1.0/fr/zend.date.additional.html
2010-01-17T17:43:36+00:00 INFO (6):     Indexing: /manual/1.0/fr/zend.validate.writing_validators.html
2010-01-17T17:43:37+00:00 INFO (6):     Indexing: /manual/1.0/fr/zend.controller.actionhelpers.html
2010-01-17T17:43:38+00:00 INFO (6):     Indexing: /manual/1.0/fr/zend.auth.html
2010-01-17T17:43:39+00:00 INFO (6):     Indexing: /manual/1.0/fr/zend.controller.html
2010-01-17T17:43:39+00:00 INFO (6):     Indexing: /manual/1.0/fr/zend.console.getopt.html
2010-01-17T17:43:41+00:00 INFO (6):     Indexing: /manual/1.0/fr/coding-standard.html
2010-01-17T17:43:42+00:00 INFO (6):     Indexing: /manual/1.0/fr/zend.mail.additional-headers.html
2010-01-17T17:43:42+00:00 INFO (6):     Indexing: /manual/1.0/fr/zend.translate.using.html
2010-01-17T17:43:42+00:00 INFO (6):     Indexing: /manual/1.0/fr/zend.mail.multiple-emails.html
2010-01-17T17:43:43+00:00 INFO (6):     Indexing: /manual/1.0/fr/zend.auth.adapter.http.html
2010-01-17T17:43:43+00:00 INFO (6):     Indexing: /manual/1.0/fr/zend.feed.custom-feed.html
2010-01-17T17:43:43+00:00 INFO (6):     Indexing: /manual/1.0/fr/zend.mail.html
2010-01-17T17:43:44+00:00 INFO (6):     Indexing: /manual/1.0/fr/zend.console.getopt.fetching.html
2010-01-17T17:43:44+00:00 INFO (6):     Indexing: /manual/1.0/fr/zend.session.advancedusage.html
2010-01-17T17:43:45+00:00 INFO (6):     Indexing: /manual/1.0/fr/index.html
2010-01-17T17:43:49+00:00 INFO (6):     Indexing: /manual/1.0/fr/zend.pdf.html
2010-01-17T17:43:49+00:00 INFO (6):     Indexing: /manual/1.0/fr/zend.measure.creation.html
2010-01-17T17:43:49+00:00 INFO (6):     Indexing: /manual/1.0/fr/zend.filter.set.html
2010-01-17T17:43:50+00:00 INFO (6):     Indexing: /manual/1.0/fr/zend.http.client.adapters.html
2010-01-17T17:43:50+00:00 INFO (6):     Indexing: /manual/1.0/fr/zend.controller.exceptions.html
2010-01-17T17:43:51+00:00 INFO (6):     Indexing: /manual/1.0/fr/coding-standard.php-file-formatting.html
2010-01-17T17:43:51+00:00 INFO (6):     Indexing: /manual/1.0/fr/zend.config.theory_of_operation.html
2010-01-17T17:43:51+00:00 INFO (6):     Indexing: /manual/1.0/fr/zend.service.akismet.html
2010-01-17T17:43:52+00:00 INFO (6):     Indexing: /manual/1.0/fr/zend.controller.request.html
2010-01-17T17:43:52+00:00 INFO (6):     Indexing: /manual/1.0/fr/zend.log.formatters.html
2010-01-17T17:43:54+00:00 INFO (6):     Indexing: /manual/1.0/fr/zend.locale.parsing.html
2010-01-17T17:43:54+00:00 INFO (6):     Indexing: /manual/1.0/fr/zend.search.lucene.searching.html
2010-01-17T17:43:55+00:00 INFO (6):     Indexing: /manual/1.0/fr/zend.db.table.row.html
2010-01-17T17:43:55+00:00 INFO (6):     Indexing: /manual/1.0/fr/zend.log.html
2010-01-17T17:43:56+00:00 INFO (6):     Indexing: /manual/1.0/fr/zend.db.statement.html
2010-01-17T17:43:56+00:00 INFO (6):     Indexing: /manual/1.0/fr/zend.gdata.clientlogin.html
2010-01-17T17:43:57+00:00 INFO (6):     Indexing: /manual/1.0/fr/zend.search.lucene.extending.html
2010-01-17T17:43:57+00:00 INFO (6):     Indexing: /manual/1.0/fr/zend.gdata.html
2010-01-17T17:43:58+00:00 INFO (6):     Indexing: /manual/1.0/fr/zend.filter.html
2010-01-17T17:43:58+00:00 INFO (6):     Indexing: /manual/1.0/fr/zend.locale.functions.html
2010-01-17T17:44:01+00:00 INFO (6):     Indexing: /manual/1.0/fr/requirements.extensions.html
2010-01-17T17:44:01+00:00 INFO (6):     Indexing: /manual/1.0/fr/zend.server.reflection.html
2010-01-17T17:44:01+00:00 INFO (6):     Indexing: /manual/1.0/fr/zend.json.basics.html
2010-01-17T17:44:02+00:00 INFO (6):     Indexing: /manual/1.0/fr/zend.mime.message.html
2010-01-17T17:44:02+00:00 INFO (6):     Indexing: /manual/1.0/fr/zend.console.getopt.configuration.html
2010-01-17T17:44:02+00:00 INFO (6):     Indexing: /manual/1.0/fr/zend.mime.html
2010-01-17T17:44:03+00:00 INFO (6):     Indexing: /manual/1.0/fr/introduction.installation.html
2010-01-17T17:44:03+00:00 INFO (6):     Indexing: /manual/1.0/fr/zend.search.lucene.queries.html
2010-01-17T17:44:03+00:00 INFO (6):     Indexing: /manual/1.0/fr/zend.memory.memory-objects.html
2010-01-17T17:44:04+00:00 INFO (6):     Indexing: /manual/1.0/fr/zend.locale.languages.html
2010-01-17T17:44:05+00:00 INFO (6):     Indexing: /manual/1.0/fr/zend.service.strikeiron.html
2010-01-17T17:44:06+00:00 INFO (6):     Indexing: /manual/1.0/fr/zend.feed.consuming-atom-single-entry.html
2010-01-17T17:44:06+00:00 INFO (6):     Indexing: /manual/1.0/fr/zend.feed.consuming-rss.html
2010-01-17T17:44:06+00:00 INFO (6):     Indexing: /manual/1.0/fr/zend.measure.edit.html
2010-01-17T17:44:07+00:00 INFO (6):     Indexing: /manual/1.0/fr/zend.mail.adding-recipients.html
2010-01-17T17:44:07+00:00 INFO (6):     Indexing: /manual/1.0/fr/zend.date.html
2010-01-17T17:44:07+00:00 INFO (6):     Indexing: /manual/1.0/fr/zend.search.lucene.java-lucene.html
2010-01-17T17:44:08+00:00 INFO (6):     Indexing: /manual/1.0/fr/zend.feed.consuming-atom.html
2010-01-17T17:44:08+00:00 INFO (6):     Indexing: /manual/1.0/fr/zend.feed.html
2010-01-17T17:44:08+00:00 INFO (6):     Indexing: /manual/1.0/fr/zend.gdata.calendar.html
2010-01-17T17:44:37+00:00 INFO (6):     Indexing: /manual/1.0/fr/zend.http.response.html
2010-01-17T17:44:37+00:00 INFO (6):     Indexing: /manual/1.0/fr/zend.controller.migration.html
2010-01-17T17:44:37+00:00 INFO (6):     Indexing: /manual/1.0/fr/zend.filter.input.html
2010-01-17T17:44:39+00:00 INFO (6):     Indexing: /manual/1.0/fr/zend.pdf.create.html
2010-01-17T17:44:39+00:00 INFO (6):     Indexing: /manual/1.0/fr/zend.rest.html
2010-01-17T17:44:39+00:00 INFO (6):     Indexing: /manual/1.0/fr/zend.controller.response.html
2010-01-17T17:44:39+00:00 INFO (6):     Indexing: /manual/1.0/fr/zend.locale.html
2010-01-17T17:44:40+00:00 INFO (6):     Indexing: /manual/1.0/fr/zend.service.flickr.html
2010-01-17T17:44:40+00:00 INFO (6):     Indexing: /manual/1.0/fr/introduction.html
2010-01-17T17:44:40+00:00 INFO (6):     Indexing: /manual/1.0/fr/zend.mail.encoding.html
2010-01-17T17:44:42+00:00 INFO (6):     Indexing: /manual/1.0/fr/zend.version.html
2010-01-17T17:44:42+00:00 INFO (6):     Indexing: /manual/1.0/fr/zend.date.basic.html
2010-01-17T17:44:42+00:00 INFO (6):     Indexing: /manual/1.0/fr/zend.mail.different-transports.html
2010-01-17T17:44:43+00:00 INFO (6):     Indexing: /manual/1.0/fr/zend.feed.modifying-feed.html
2010-01-17T17:44:43+00:00 INFO (6):     Indexing: /manual/1.0/fr/zend.db.profiler.html
2010-01-17T17:44:43+00:00 INFO (6):     Indexing: /manual/1.0/fr/zend.pdf.drawing.html
2010-01-17T17:44:44+00:00 INFO (6):     Indexing: /manual/1.0/fr/zend.http.html
2010-01-17T17:44:44+00:00 INFO (6):     Indexing: /manual/1.0/fr/zend.cache.frontends.html
2010-01-17T17:44:45+00:00 INFO (6):     Indexing: /manual/1.0/fr/zend.view.helpers.html
2010-01-17T17:44:46+00:00 INFO (6):     Indexing: /manual/1.0/fr/zend.search.lucene.html
2010-01-17T17:44:48+00:00 INFO (6):     Indexing: /manual/1.0/fr/zend.gdata.spreadsheets.html
2010-01-17T17:44:48+00:00 INFO (6):     Indexing: /manual/1.0/fr/zend.search.lucene.advanced.html
2010-01-17T17:44:48+00:00 INFO (6):     Indexing: /manual/1.0/fr/zend.db.table.relationships.html
2010-01-17T17:44:49+00:00 INFO (6):     Indexing: /manual/1.0/fr/zend.http.cookies.html
2010-01-17T17:44:50+00:00 INFO (6):     Indexing: /manual/1.0/fr/zend.json.html
2010-01-17T17:44:50+00:00 INFO (6):     Indexing: /manual/1.0/fr/zend.service.audioscrobbler.html
2010-01-17T17:44:51+00:00 INFO (6):     Indexing: /manual/1.0/fr/zend.controller.basics.html
2010-01-17T17:44:51+00:00 INFO (6):     Indexing: /manual/1.0/fr/zend.db.table.rowset.html
2010-01-17T17:44:51+00:00 INFO (6):     Indexing: /manual/1.0/fr/requirements.html
2010-01-17T17:44:52+00:00 INFO (6):     Indexing: /manual/1.0/fr/zend.validate.html
2010-01-17T17:44:53+00:00 INFO (6):     Indexing: /manual/1.0/fr/zend.mail.character-sets.html
2010-01-17T17:44:54+00:00 INFO (6):     Indexing: /manual/1.0/fr/zend.measure.types.html
2010-01-17T17:44:54+00:00 INFO (6):     Indexing: /manual/1.0/fr/zend.view.controllers.html
2010-01-17T17:44:54+00:00 INFO (6):     Indexing: /manual/1.0/fr/zend.translate.adapter.html
2010-01-17T17:44:54+00:00 INFO (6):     Indexing: /manual/1.0/fr/zend.debug.html
2010-01-17T17:44:55+00:00 INFO (6):     Indexing: /manual/1.0/fr/zend.config.adapters.ini.html
2010-01-17T17:44:55+00:00 INFO (6):     Indexing: /manual/1.0/fr/zend.rest.server.html
2010-01-17T17:44:55+00:00 INFO (6):     Indexing: /manual/1.0/fr/zend.search.lucene.best-practice.html
2010-01-17T17:44:56+00:00 INFO (6):     Indexing: /manual/1.0/fr/zend.mail.read.html
2010-01-17T17:44:57+00:00 INFO (6):     Indexing: /manual/1.0/fr/zend.config.adapters.xml.html
2010-01-17T17:44:58+00:00 INFO (6):     Indexing: /manual/1.0/fr/zend.filter.filter_chains.html
2010-01-17T17:44:58+00:00 INFO (6):     Indexing: /manual/1.0/fr/zend.gdata.exception.html
2010-01-17T17:44:58+00:00 INFO (6): INDEXING LANGUAGE: en
2010-01-17T17:44:59+00:00 INFO (6):     Indexing: /manual/1.0/en/zend.search.lucene.charset.html
2010-01-17T17:44:59+00:00 INFO (6):     Indexing: /manual/1.0/en/zend.mime.part.html
2010-01-17T17:44:59+00:00 INFO (6):     Indexing: /manual/1.0/en/zend.json.xml2json.html
2010-01-17T17:44:59+00:00 INFO (6):     Indexing: /manual/1.0/en/zend.feed.findFeeds.html
2010-01-17T17:45:00+00:00 INFO (6):     Indexing: /manual/1.0/en/zend.acl.refining.html
2010-01-17T17:45:00+00:00 INFO (6):     Indexing: /manual/1.0/en/zend.http.client.advanced.html
2010-01-17T17:45:00+00:00 INFO (6):     Indexing: /manual/1.0/en/zend.session.html
2010-01-17T17:45:01+00:00 INFO (6):     Indexing: /manual/1.0/en/zend.date.overview.html
2010-01-17T17:45:03+00:00 INFO (6):     Indexing: /manual/1.0/en/zend.uri.html
2010-01-17T17:45:03+00:00 INFO (6):     Indexing: /manual/1.0/en/zend.service.strikeiron.advanced-uses.html
2010-01-17T17:45:03+00:00 INFO (6):     Indexing: /manual/1.0/en/zend.date.creation.html
2010-01-17T17:45:04+00:00 INFO (6):     Indexing: /manual/1.0/en/zend.service.amazon.html
2010-01-17T17:45:04+00:00 INFO (6):     Indexing: /manual/1.0/en/zend.mail.smtp-authentication.html
2010-01-17T17:45:05+00:00 INFO (6):     Indexing: /manual/1.0/en/zend.session.basic_usage.html
2010-01-17T17:45:05+00:00 INFO (6):     Indexing: /manual/1.0/en/zend.cache.backends.html
2010-01-17T17:45:05+00:00 INFO (6):     Indexing: /manual/1.0/en/zend.controller.action.html
2010-01-17T17:45:06+00:00 INFO (6):     Indexing: /manual/1.0/en/zend.feed.importing.html
2010-01-17T17:45:06+00:00 INFO (6):     Indexing: /manual/1.0/en/zend.locale.date.datesandtimes.html
2010-01-17T17:45:08+00:00 INFO (6):     Indexing: /manual/1.0/en/zend.mail.boundary.html
2010-01-17T17:45:08+00:00 INFO (6):     Indexing: /manual/1.0/en/zend.cache.html
2010-01-17T17:45:08+00:00 INFO (6):     Indexing: /manual/1.0/en/zend.currency.useage.html
2010-01-17T17:45:09+00:00 INFO (6):     Indexing: /manual/1.0/en/zend.date.constants.html
2010-01-17T17:45:10+00:00 INFO (6):     Indexing: /manual/1.0/en/zend.translate.html
2010-01-17T17:45:10+00:00 INFO (6):     Indexing: /manual/1.0/en/zend.controller.dispatcher.html
2010-01-17T17:45:11+00:00 INFO (6):     Indexing: /manual/1.0/en/zend.controller.router.html
2010-01-17T17:45:12+00:00 INFO (6):     Indexing: /manual/1.0/en/zend.mail.html-mails.html
2010-01-17T17:45:12+00:00 INFO (6):     Indexing: /manual/1.0/en/zend.auth.adapter.dbtable.html
2010-01-17T17:45:12+00:00 INFO (6):     Indexing: /manual/1.0/en/coding-standard.coding-style.html
2010-01-17T17:45:14+00:00 INFO (6):     Indexing: /manual/1.0/en/zend.service.delicious.html
2010-01-17T17:45:15+00:00 INFO (6):     Indexing: /manual/1.0/en/zend.service.html
2010-01-17T17:45:15+00:00 INFO (6):     Indexing: /manual/1.0/en/zend.cache.theory.html
2010-01-17T17:45:15+00:00 INFO (6):     Indexing: /manual/1.0/en/zend.validate.set.html
2010-01-17T17:45:16+00:00 INFO (6):     Indexing: /manual/1.0/en/zend.db.html
2010-01-17T17:45:19+00:00 INFO (6):     Indexing: /manual/1.0/en/zend.xmlrpc.html
2010-01-17T17:45:19+00:00 INFO (6):     Indexing: /manual/1.0/en/zend.db.table.html
2010-01-17T17:45:20+00:00 INFO (6):     Indexing: /manual/1.0/en/zend.mail.attachments.html
2010-01-17T17:45:21+00:00 INFO (6):     Indexing: /manual/1.0/en/zend.controller.modular.html
2010-01-17T17:45:21+00:00 INFO (6):     Indexing: /manual/1.0/en/zend.controller.front.html
2010-01-17T17:45:23+00:00 INFO (6):     Indexing: /manual/1.0/en/zend.gdata.authsub.html
2010-01-17T17:45:24+00:00 INFO (6):     Indexing: /manual/1.0/en/zend.validate.validator_chains.html
2010-01-17T17:45:24+00:00 INFO (6):     Indexing: /manual/1.0/en/the.index.html
2010-01-17T17:45:24+00:00 INFO (6):     Indexing: /manual/1.0/en/zend.search.lucene.query-language.html
2010-01-17T17:45:25+00:00 INFO (6):     Indexing: /manual/1.0/en/zend.xmlrpc.client.html
2010-01-17T17:45:25+00:00 INFO (6):     Indexing: /manual/1.0/en/zend.service.strikeiron.bundled-services.html
2010-01-17T17:45:26+00:00 INFO (6):     Indexing: /manual/1.0/en/zend.xmlrpc.server.html
2010-01-17T17:45:26+00:00 INFO (6):     Indexing: /manual/1.0/en/zend.view.scripts.html
2010-01-17T17:45:27+00:00 INFO (6):     Indexing: /manual/1.0/en/zend.server.html
2010-01-17T17:45:27+00:00 INFO (6):     Indexing: /manual/1.0/en/zend.loader.html
2010-01-17T17:45:28+00:00 INFO (6):     Indexing: /manual/1.0/en/zend.currency.html
2010-01-17T17:45:29+00:00 INFO (6):     Indexing: /manual/1.0/en/zend.mail.smtp-secure.html
2010-01-17T17:45:29+00:00 INFO (6):     Indexing: /manual/1.0/en/zend.measure.output.html
2010-01-17T17:45:29+00:00 INFO (6):     Indexing: /manual/1.0/en/zend.exception.html
2010-01-17T17:45:30+00:00 INFO (6):     Indexing: /manual/1.0/en/zend.session.global_session_management.html
2010-01-17T17:45:31+00:00 INFO (6):     Indexing: /manual/1.0/en/zend.pdf.pages.html
2010-01-17T17:45:31+00:00 INFO (6):     Indexing: /manual/1.0/en/zend.rest.client.html
2010-01-17T17:45:31+00:00 INFO (6):     Indexing: /manual/1.0/en/zend.log.filters.html
2010-01-17T17:45:32+00:00 INFO (6):     Indexing: /manual/1.0/en/zend.measure.html
2010-01-17T17:45:32+00:00 INFO (6):     Indexing: /manual/1.0/en/zend.service.simpy.html
2010-01-17T17:45:58+00:00 INFO (6):     Indexing: /manual/1.0/en/zend.locale.regions.html
2010-01-17T17:45:59+00:00 INFO (6):     Indexing: /manual/1.0/en/coding-standard.naming-conventions.html
2010-01-17T17:45:59+00:00 INFO (6):     Indexing: /manual/1.0/en/zend.memory.memory-manager.html
2010-01-17T17:45:59+00:00 INFO (6):     Indexing: /manual/1.0/en/zend.controller.plugins.html
2010-01-17T17:46:00+00:00 INFO (6):     Indexing: /manual/1.0/en/zend.console.getopt.rules.html
2010-01-17T17:46:00+00:00 INFO (6):     Indexing: /manual/1.0/en/zend.service.yahoo.html
2010-01-17T17:46:00+00:00 INFO (6):     Indexing: /manual/1.0/en/zend.pdf.usage.html
2010-01-17T17:46:01+00:00 INFO (6):     Indexing: /manual/1.0/en/zend.acl.advanced.html
2010-01-17T17:46:01+00:00 INFO (6):     Indexing: /manual/1.0/en/zend.gdata.gapps.html
2010-01-17T17:46:02+00:00 INFO (6):     Indexing: /manual/1.0/en/zend.pdf.save.html
2010-01-17T17:46:03+00:00 INFO (6):     Indexing: /manual/1.0/en/zend.memory.html
2010-01-17T17:46:03+00:00 INFO (6):     Indexing: /manual/1.0/en/zend.search.lucene.index-creation.html
2010-01-17T17:46:04+00:00 INFO (6):     Indexing: /manual/1.0/en/zend.filter.writing_filters.html
2010-01-17T17:46:04+00:00 INFO (6):     Indexing: /manual/1.0/en/zend.config.html
2010-01-17T17:46:04+00:00 INFO (6):     Indexing: /manual/1.0/en/zend.view.html
2010-01-17T17:46:04+00:00 INFO (6):     Indexing: /manual/1.0/en/zend.db.select.html
2010-01-17T17:46:06+00:00 INFO (6):     Indexing: /manual/1.0/en/zend.json.objects.html
2010-01-17T17:46:06+00:00 INFO (6):     Indexing: /manual/1.0/en/zend.log.writers.html
2010-01-17T17:46:06+00:00 INFO (6):     Indexing: /manual/1.0/en/zend.acl.html
2010-01-17T17:46:07+00:00 INFO (6):     Indexing: /manual/1.0/en/copyrights.html
2010-01-17T17:46:08+00:00 INFO (6):     Indexing: /manual/1.0/en/zend.date.definition.theory.html
2010-01-17T17:46:08+00:00 INFO (6):     Indexing: /manual/1.0/en/zend.mail.sending.html
2010-01-17T17:46:08+00:00 INFO (6):     Indexing: /manual/1.0/en/zend.auth.adapter.digest.html
2010-01-17T17:46:09+00:00 INFO (6):     Indexing: /manual/1.0/en/zend.registry.html
2010-01-17T17:46:09+00:00 INFO (6):     Indexing: /manual/1.0/en/requirements.zendcomponents.html
2010-01-17T17:46:09+00:00 INFO (6):     Indexing: /manual/1.0/en/zend.date.additional.html
2010-01-17T17:46:10+00:00 INFO (6):     Indexing: /manual/1.0/en/zend.validate.writing_validators.html
2010-01-17T17:46:10+00:00 INFO (6):     Indexing: /manual/1.0/en/zend.controller.actionhelpers.html
2010-01-17T17:46:12+00:00 INFO (6):     Indexing: /manual/1.0/en/zend.auth.html
2010-01-17T17:46:12+00:00 INFO (6):     Indexing: /manual/1.0/en/zend.controller.html
2010-01-17T17:46:14+00:00 INFO (6):     Indexing: /manual/1.0/en/zend.console.getopt.html
2010-01-17T17:46:15+00:00 INFO (6):     Indexing: /manual/1.0/en/coding-standard.html
2010-01-17T17:46:15+00:00 INFO (6):     Indexing: /manual/1.0/en/zend.mail.additional-headers.html
2010-01-17T17:46:15+00:00 INFO (6):     Indexing: /manual/1.0/en/zend.translate.using.html
2010-01-17T17:46:16+00:00 INFO (6):     Indexing: /manual/1.0/en/zend.mail.multiple-emails.html
2010-01-17T17:46:16+00:00 INFO (6):     Indexing: /manual/1.0/en/zend.auth.adapter.http.html
2010-01-17T17:46:16+00:00 INFO (6):     Indexing: /manual/1.0/en/zend.feed.custom-feed.html
2010-01-17T17:46:17+00:00 INFO (6):     Indexing: /manual/1.0/en/zend.mail.html
2010-01-17T17:46:17+00:00 INFO (6):     Indexing: /manual/1.0/en/zend.console.getopt.fetching.html
2010-01-17T17:46:17+00:00 INFO (6):     Indexing: /manual/1.0/en/index.html
2010-01-17T17:46:21+00:00 INFO (6):     Indexing: /manual/1.0/en/zend.pdf.html
2010-01-17T17:46:21+00:00 INFO (6):     Indexing: /manual/1.0/en/zend.measure.creation.html
2010-01-17T17:46:21+00:00 INFO (6):     Indexing: /manual/1.0/en/zend.filter.set.html
2010-01-17T17:46:22+00:00 INFO (6):     Indexing: /manual/1.0/en/zend.http.client.adapters.html
2010-01-17T17:46:22+00:00 INFO (6):     Indexing: /manual/1.0/en/zend.controller.exceptions.html
2010-01-17T17:46:23+00:00 INFO (6):     Indexing: /manual/1.0/en/coding-standard.php-file-formatting.html
2010-01-17T17:46:23+00:00 INFO (6):     Indexing: /manual/1.0/en/zend.config.theory_of_operation.html
2010-01-17T17:46:23+00:00 INFO (6):     Indexing: /manual/1.0/en/zend.service.akismet.html
2010-01-17T17:46:24+00:00 INFO (6):     Indexing: /manual/1.0/en/zend.session.advanced_usage.html
2010-01-17T17:46:24+00:00 INFO (6):     Indexing: /manual/1.0/en/zend.controller.request.html
2010-01-17T17:46:26+00:00 INFO (6):     Indexing: /manual/1.0/en/zend.gdata.gbase.html
2010-01-17T17:46:27+00:00 INFO (6):     Indexing: /manual/1.0/en/zend.log.formatters.html
2010-01-17T17:46:27+00:00 INFO (6):     Indexing: /manual/1.0/en/zend.locale.parsing.html
2010-01-17T17:46:28+00:00 INFO (6):     Indexing: /manual/1.0/en/zend.search.lucene.searching.html
2010-01-17T17:46:28+00:00 INFO (6):     Indexing: /manual/1.0/en/zend.db.table.row.html
2010-01-17T17:46:29+00:00 INFO (6):     Indexing: /manual/1.0/en/zend.log.html
2010-01-17T17:46:29+00:00 INFO (6):     Indexing: /manual/1.0/en/zend.db.statement.html
2010-01-17T17:46:30+00:00 INFO (6):     Indexing: /manual/1.0/en/zend.gdata.clientlogin.html
2010-01-17T17:46:30+00:00 INFO (6):     Indexing: /manual/1.0/en/zend.search.lucene.extending.html
2010-01-17T17:46:31+00:00 INFO (6):     Indexing: /manual/1.0/en/zend.gdata.html
2010-01-17T17:46:33+00:00 INFO (6):     Indexing: /manual/1.0/en/zend.filter.html
2010-01-17T17:46:34+00:00 INFO (6):     Indexing: /manual/1.0/en/zend.locale.functions.html
2010-01-17T17:46:34+00:00 INFO (6):     Indexing: /manual/1.0/en/requirements.extensions.html
2010-01-17T17:46:35+00:00 INFO (6):     Indexing: /manual/1.0/en/zend.server.reflection.html
2010-01-17T17:46:35+00:00 INFO (6):     Indexing: /manual/1.0/en/zend.json.basics.html
2010-01-17T17:46:35+00:00 INFO (6):     Indexing: /manual/1.0/en/zend.search.lucene.query-api.html
2010-01-17T17:46:36+00:00 INFO (6):     Indexing: /manual/1.0/en/zend.mime.message.html
2010-01-17T17:46:36+00:00 INFO (6):     Indexing: /manual/1.0/en/zend.console.getopt.configuration.html
2010-01-17T17:46:37+00:00 INFO (6):     Indexing: /manual/1.0/en/zend.mime.html
2010-01-17T17:46:37+00:00 INFO (6):     Indexing: /manual/1.0/en/introduction.installation.html
2010-01-17T17:46:38+00:00 INFO (6):     Indexing: /manual/1.0/en/zend.memory.memory-objects.html
2010-01-17T17:46:39+00:00 INFO (6):     Indexing: /manual/1.0/en/zend.locale.languages.html
2010-01-17T17:46:39+00:00 INFO (6):     Indexing: /manual/1.0/en/zend.service.strikeiron.html
2010-01-17T17:46:39+00:00 INFO (6):     Indexing: /manual/1.0/en/zend.feed.consuming-atom-single-entry.html
2010-01-17T17:46:40+00:00 INFO (6):     Indexing: /manual/1.0/en/zend.feed.consuming-rss.html
2010-01-17T17:46:40+00:00 INFO (6):     Indexing: /manual/1.0/en/zend.measure.edit.html
2010-01-17T17:46:41+00:00 INFO (6):     Indexing: /manual/1.0/en/zend.mail.adding-recipients.html
2010-01-17T17:46:41+00:00 INFO (6):     Indexing: /manual/1.0/en/zend.date.html
2010-01-17T17:46:41+00:00 INFO (6):     Indexing: /manual/1.0/en/zend.search.lucene.java-lucene.html
2010-01-17T17:46:42+00:00 INFO (6):     Indexing: /manual/1.0/en/zend.feed.consuming-atom.html
2010-01-17T17:46:43+00:00 INFO (6):     Indexing: /manual/1.0/en/zend.feed.html
2010-01-17T17:46:43+00:00 INFO (6):     Indexing: /manual/1.0/en/zend.gdata.calendar.html
2010-01-17T17:46:44+00:00 INFO (6):     Indexing: /manual/1.0/en/zend.pdf.info.html
2010-01-17T17:46:45+00:00 INFO (6):     Indexing: /manual/1.0/en/zend.http.response.html
2010-01-17T17:46:45+00:00 INFO (6):     Indexing: /manual/1.0/en/zend.controller.migration.html
2010-01-17T17:46:46+00:00 INFO (6):     Indexing: /manual/1.0/en/zend.filter.input.html
2010-01-17T17:46:47+00:00 INFO (6):     Indexing: /manual/1.0/en/zend.pdf.create.html
2010-01-17T17:46:47+00:00 INFO (6):     Indexing: /manual/1.0/en/zend.rest.html
2010-01-17T17:46:48+00:00 INFO (6):     Indexing: /manual/1.0/en/zend.controller.response.html
2010-01-17T17:46:48+00:00 INFO (6):     Indexing: /manual/1.0/en/zend.locale.html
2010-01-17T17:46:51+00:00 INFO (6):     Indexing: /manual/1.0/en/zend.service.flickr.html
2010-01-17T17:46:51+00:00 INFO (6):     Indexing: /manual/1.0/en/introduction.html
2010-01-17T17:46:51+00:00 INFO (6):     Indexing: /manual/1.0/en/zend.mail.encoding.html
2010-01-17T17:46:52+00:00 INFO (6):     Indexing: /manual/1.0/en/zend.version.html
2010-01-17T17:46:52+00:00 INFO (6):     Indexing: /manual/1.0/en/zend.date.basic.html
2010-01-17T17:46:52+00:00 INFO (6):     Indexing: /manual/1.0/en/zend.mail.different-transports.html
2010-01-17T17:46:53+00:00 INFO (6):     Indexing: /manual/1.0/en/zend.feed.modifying-feed.html
2010-01-17T17:46:53+00:00 INFO (6):     Indexing: /manual/1.0/en/zend.db.profiler.html
2010-01-17T17:46:54+00:00 INFO (6):     Indexing: /manual/1.0/en/zend.http.html
2010-01-17T17:46:54+00:00 INFO (6):     Indexing: /manual/1.0/en/zend.cache.frontends.html
2010-01-17T17:47:18+00:00 INFO (6):     Indexing: /manual/1.0/en/zend.view.helpers.html
2010-01-17T17:47:19+00:00 INFO (6):     Indexing: /manual/1.0/en/zend.search.lucene.html
2010-01-17T17:47:19+00:00 INFO (6):     Indexing: /manual/1.0/en/zend.gdata.spreadsheets.html
2010-01-17T17:47:20+00:00 INFO (6):     Indexing: /manual/1.0/en/zend.search.lucene.advanced.html
2010-01-17T17:47:20+00:00 INFO (6):     Indexing: /manual/1.0/en/zend.db.table.relationships.html
2010-01-17T17:47:21+00:00 INFO (6):     Indexing: /manual/1.0/en/zend.http.cookies.html
2010-01-17T17:47:22+00:00 INFO (6):     Indexing: /manual/1.0/en/zend.json.html
2010-01-17T17:47:22+00:00 INFO (6):     Indexing: /manual/1.0/en/zend.service.audioscrobbler.html
2010-01-17T17:47:22+00:00 INFO (6):     Indexing: /manual/1.0/en/zend.controller.basics.html
2010-01-17T17:47:23+00:00 INFO (6):     Indexing: /manual/1.0/en/zend.db.table.rowset.html
2010-01-17T17:47:25+00:00 INFO (6):     Indexing: /manual/1.0/en/requirements.html
2010-01-17T17:47:25+00:00 INFO (6):     Indexing: /manual/1.0/en/zend.validate.html
2010-01-17T17:47:25+00:00 INFO (6):     Indexing: /manual/1.0/en/zend.mail.character-sets.html
2010-01-17T17:47:25+00:00 INFO (6):     Indexing: /manual/1.0/en/zend.measure.types.html
2010-01-17T17:47:26+00:00 INFO (6):     Indexing: /manual/1.0/en/zend.view.controllers.html
2010-01-17T17:47:26+00:00 INFO (6):     Indexing: /manual/1.0/en/zend.translate.adapter.html
2010-01-17T17:47:27+00:00 INFO (6):     Indexing: /manual/1.0/en/zend.debug.html
2010-01-17T17:47:27+00:00 INFO (6):     Indexing: /manual/1.0/en/zend.config.adapters.ini.html
2010-01-17T17:47:27+00:00 INFO (6):     Indexing: /manual/1.0/en/zend.rest.server.html
2010-01-17T17:47:27+00:00 INFO (6):     Indexing: /manual/1.0/en/zend.search.lucene.best-practice.html
2010-01-17T17:47:29+00:00 INFO (6):     Indexing: /manual/1.0/en/zend.mail.read.html
2010-01-17T17:47:30+00:00 INFO (6):     Indexing: /manual/1.0/en/zend.config.adapters.xml.html
2010-01-17T17:47:30+00:00 INFO (6):     Indexing: /manual/1.0/en/zend.filter.filter_chains.html
2010-01-17T17:47:30+00:00 INFO (6):     Indexing: /manual/1.0/en/zend.gdata.exception.html
2010-01-17T17:47:30+00:00 INFO (6): INDEXING LANGUAGE: zh
2010-01-17T17:47:30+00:00 INFO (6):     Indexing: /manual/1.0/zh/zend.search.lucene.charset.html
2010-01-17T17:47:31+00:00 INFO (6):     Indexing: /manual/1.0/zh/zend.mime.part.html
2010-01-17T17:47:31+00:00 INFO (6):     Indexing: /manual/1.0/zh/zend.feed.findFeeds.html
2010-01-17T17:47:31+00:00 INFO (6):     Indexing: /manual/1.0/zh/zend.acl.refining.html
2010-01-17T17:47:31+00:00 INFO (6):     Indexing: /manual/1.0/zh/zend.session.html
2010-01-17T17:47:32+00:00 INFO (6):     Indexing: /manual/1.0/zh/zend.uri.html
2010-01-17T17:47:33+00:00 INFO (6):     Indexing: /manual/1.0/zh/zend.mail.smtp-authentication.html
2010-01-17T17:47:33+00:00 INFO (6):     Indexing: /manual/1.0/zh/zend.session.basic_usage.html
2010-01-17T17:47:33+00:00 INFO (6):     Indexing: /manual/1.0/zh/zend.cache.backends.html
2010-01-17T17:47:34+00:00 INFO (6):     Indexing: /manual/1.0/zh/zend.controller.action.html
2010-01-17T17:47:34+00:00 INFO (6):     Indexing: /manual/1.0/zh/zend.feed.importing.html
2010-01-17T17:47:34+00:00 INFO (6):     Indexing: /manual/1.0/zh/zend.mail.boundary.html
2010-01-17T17:47:35+00:00 INFO (6):     Indexing: /manual/1.0/zh/zend.cache.html
2010-01-17T17:47:35+00:00 INFO (6):     Indexing: /manual/1.0/zh/zend.translate.html
2010-01-17T17:47:35+00:00 INFO (6):     Indexing: /manual/1.0/zh/zend.controller.dispatcher.html
2010-01-17T17:47:35+00:00 INFO (6):     Indexing: /manual/1.0/zh/zend.controller.router.html
2010-01-17T17:47:37+00:00 INFO (6):     Indexing: /manual/1.0/zh/zend.mail.html-mails.html
2010-01-17T17:47:37+00:00 INFO (6):     Indexing: /manual/1.0/zh/zend.auth.adapter.dbtable.html
2010-01-17T17:47:38+00:00 INFO (6):     Indexing: /manual/1.0/zh/zend.service.html
2010-01-17T17:47:38+00:00 INFO (6):     Indexing: /manual/1.0/zh/zend.cache.theory.html
2010-01-17T17:47:38+00:00 INFO (6):     Indexing: /manual/1.0/zh/zend.validate.set.html
2010-01-17T17:47:39+00:00 INFO (6):     Indexing: /manual/1.0/zh/zend.db.html
2010-01-17T17:47:39+00:00 INFO (6):     Indexing: /manual/1.0/zh/zend.xmlrpc.html
2010-01-17T17:47:40+00:00 INFO (6):     Indexing: /manual/1.0/zh/zend.db.table.html
2010-01-17T17:47:40+00:00 INFO (6):     Indexing: /manual/1.0/zh/zend.mail.attachments.html
2010-01-17T17:47:40+00:00 INFO (6):     Indexing: /manual/1.0/zh/zend.controller.modular.html
2010-01-17T17:47:41+00:00 INFO (6):     Indexing: /manual/1.0/zh/zend.controller.front.html
2010-01-17T17:47:42+00:00 INFO (6):     Indexing: /manual/1.0/zh/zend.validate.validator_chains.html
2010-01-17T17:47:42+00:00 INFO (6):     Indexing: /manual/1.0/zh/the.index.html
2010-01-17T17:47:43+00:00 INFO (6):     Indexing: /manual/1.0/zh/zend.xmlrpc.client.html
2010-01-17T17:47:43+00:00 INFO (6):     Indexing: /manual/1.0/zh/zend.view.scripts.html
2010-01-17T17:47:44+00:00 INFO (6):     Indexing: /manual/1.0/zh/zend.server.html
2010-01-17T17:47:44+00:00 INFO (6):     Indexing: /manual/1.0/zh/zend.loader.html
2010-01-17T17:47:44+00:00 INFO (6):     Indexing: /manual/1.0/zh/zend.exception.html
2010-01-17T17:47:45+00:00 INFO (6):     Indexing: /manual/1.0/zh/zend.session.global_session_management.html
2010-01-17T17:47:45+00:00 INFO (6):     Indexing: /manual/1.0/zh/zend.log.filters.html
2010-01-17T17:47:47+00:00 INFO (6):     Indexing: /manual/1.0/zh/zend.measure.html
2010-01-17T17:47:47+00:00 INFO (6):     Indexing: /manual/1.0/zh/zend.memory.memory-manager.html
2010-01-17T17:47:47+00:00 INFO (6):     Indexing: /manual/1.0/zh/zend.controller.plugins.html
2010-01-17T17:47:48+00:00 INFO (6):     Indexing: /manual/1.0/zh/zend.service.yahoo.html
2010-01-17T17:47:48+00:00 INFO (6):     Indexing: /manual/1.0/zh/zend.acl.advanced.html
2010-01-17T17:47:49+00:00 INFO (6):     Indexing: /manual/1.0/zh/zend.memory.html
2010-01-17T17:47:49+00:00 INFO (6):     Indexing: /manual/1.0/zh/zend.search.lucene.index-creation.html
2010-01-17T17:47:49+00:00 INFO (6):     Indexing: /manual/1.0/zh/zend.filter.writing_filters.html
2010-01-17T17:47:50+00:00 INFO (6):     Indexing: /manual/1.0/zh/zend.config.html
2010-01-17T17:47:50+00:00 INFO (6):     Indexing: /manual/1.0/zh/zend.view.html
2010-01-17T17:47:51+00:00 INFO (6):     Indexing: /manual/1.0/zh/zend.db.select.html
2010-01-17T17:47:52+00:00 INFO (6):     Indexing: /manual/1.0/zh/zend.json.objects.html
2010-01-17T17:47:52+00:00 INFO (6):     Indexing: /manual/1.0/zh/zend.log.writers.html
2010-01-17T17:47:52+00:00 INFO (6):     Indexing: /manual/1.0/zh/zend.acl.html
2010-01-17T17:47:53+00:00 INFO (6):     Indexing: /manual/1.0/zh/copyrights.html
2010-01-17T17:47:53+00:00 INFO (6):     Indexing: /manual/1.0/zh/zend.mail.sending.html
2010-01-17T17:47:54+00:00 INFO (6):     Indexing: /manual/1.0/zh/zend.auth.adapter.digest.html
2010-01-17T17:47:54+00:00 INFO (6):     Indexing: /manual/1.0/zh/zend.registry.html
2010-01-17T17:47:54+00:00 INFO (6):     Indexing: /manual/1.0/zh/requirements.zendcomponents.html
2010-01-17T17:47:55+00:00 INFO (6):     Indexing: /manual/1.0/zh/zend.validate.writing_validators.html
2010-01-17T17:47:56+00:00 INFO (6):     Indexing: /manual/1.0/zh/zend.controller.actionhelpers.html
2010-01-17T17:47:57+00:00 INFO (6):     Indexing: /manual/1.0/zh/zend.auth.html
2010-01-17T17:47:58+00:00 INFO (6):     Indexing: /manual/1.0/zh/zend.controller.html
2010-01-17T17:47:58+00:00 INFO (6):     Indexing: /manual/1.0/zh/zend.console.getopt.html
2010-01-17T17:47:59+00:00 INFO (6):     Indexing: /manual/1.0/zh/zend.mail.additional-headers.html
2010-01-17T17:47:59+00:00 INFO (6):     Indexing: /manual/1.0/zh/zend.mail.multiple-emails.html
2010-01-17T17:48:00+00:00 INFO (6):     Indexing: /manual/1.0/zh/zend.auth.adapter.http.html
2010-01-17T17:48:00+00:00 INFO (6):     Indexing: /manual/1.0/zh/zend.feed.custom-feed.html
2010-01-17T17:48:01+00:00 INFO (6):     Indexing: /manual/1.0/zh/zend.mail.html
2010-01-17T17:48:01+00:00 INFO (6):     Indexing: /manual/1.0/zh/index.html
2010-01-17T17:48:03+00:00 INFO (6):     Indexing: /manual/1.0/zh/zend.pdf.html
2010-01-17T17:48:04+00:00 INFO (6):     Indexing: /manual/1.0/zh/zend.controller.exceptions.html
2010-01-17T17:48:04+00:00 INFO (6):     Indexing: /manual/1.0/zh/zend.config.theory_of_operation.html
2010-01-17T17:48:05+00:00 INFO (6):     Indexing: /manual/1.0/zh/zend.session.advanced_usage.html
2010-01-17T17:48:05+00:00 INFO (6):     Indexing: /manual/1.0/zh/zend.controller.request.html
2010-01-17T17:48:06+00:00 INFO (6):     Indexing: /manual/1.0/zh/zend.log.formatters.html
2010-01-17T17:48:06+00:00 INFO (6):     Indexing: /manual/1.0/zh/zend.search.lucene.searching.html
2010-01-17T17:48:07+00:00 INFO (6):     Indexing: /manual/1.0/zh/zend.db.table.row.html
2010-01-17T17:48:07+00:00 INFO (6):     Indexing: /manual/1.0/zh/zend.log.html
2010-01-17T17:48:08+00:00 INFO (6):     Indexing: /manual/1.0/zh/zend.search.lucene.extending.html
2010-01-17T17:48:31+00:00 INFO (6):     Indexing: /manual/1.0/zh/zend.gdata.html
2010-01-17T17:48:31+00:00 INFO (6):     Indexing: /manual/1.0/zh/zend.filter.html
2010-01-17T17:48:32+00:00 INFO (6):     Indexing: /manual/1.0/zh/requirements.extensions.html
2010-01-17T17:48:32+00:00 INFO (6):     Indexing: /manual/1.0/zh/zend.json.basics.html
2010-01-17T17:48:32+00:00 INFO (6):     Indexing: /manual/1.0/zh/zend.mime.message.html
2010-01-17T17:48:32+00:00 INFO (6):     Indexing: /manual/1.0/zh/zend.mime.html
2010-01-17T17:48:33+00:00 INFO (6):     Indexing: /manual/1.0/zh/introduction.installation.html
2010-01-17T17:48:33+00:00 INFO (6):     Indexing: /manual/1.0/zh/zend.db.tablerowset.html
2010-01-17T17:48:33+00:00 INFO (6):     Indexing: /manual/1.0/zh/zend.search.lucene.queries.html
2010-01-17T17:48:33+00:00 INFO (6):     Indexing: /manual/1.0/zh/zend.memory.memory-objects.html
2010-01-17T17:48:34+00:00 INFO (6):     Indexing: /manual/1.0/zh/zend.feed.consuming-atom-single-entry.html
2010-01-17T17:48:34+00:00 INFO (6):     Indexing: /manual/1.0/zh/zend.feed.consuming-rss.html
2010-01-17T17:48:35+00:00 INFO (6):     Indexing: /manual/1.0/zh/zend.mail.adding-recipients.html
2010-01-17T17:48:35+00:00 INFO (6):     Indexing: /manual/1.0/zh/zend.date.html
2010-01-17T17:48:35+00:00 INFO (6):     Indexing: /manual/1.0/zh/zend.search.lucene.java-lucene.html
2010-01-17T17:48:35+00:00 INFO (6):     Indexing: /manual/1.0/zh/zend.feed.consuming-atom.html
2010-01-17T17:48:36+00:00 INFO (6):     Indexing: /manual/1.0/zh/zend.feed.html
2010-01-17T17:48:36+00:00 INFO (6):     Indexing: /manual/1.0/zh/zend.http.response.html
2010-01-17T17:48:36+00:00 INFO (6):     Indexing: /manual/1.0/zh/zend.controller.migration.html
2010-01-17T17:48:37+00:00 INFO (6):     Indexing: /manual/1.0/zh/zend.rest.html
2010-01-17T17:48:37+00:00 INFO (6):     Indexing: /manual/1.0/zh/zend.controller.response.html
2010-01-17T17:48:38+00:00 INFO (6):     Indexing: /manual/1.0/zh/zend.locale.html
2010-01-17T17:48:38+00:00 INFO (6):     Indexing: /manual/1.0/zh/zend.service.flickr.html
2010-01-17T17:48:38+00:00 INFO (6):     Indexing: /manual/1.0/zh/introduction.html
2010-01-17T17:48:39+00:00 INFO (6):     Indexing: /manual/1.0/zh/zend.mail.encoding.html
2010-01-17T17:48:39+00:00 INFO (6):     Indexing: /manual/1.0/zh/zend.version.html
2010-01-17T17:48:39+00:00 INFO (6):     Indexing: /manual/1.0/zh/zend.mail.different-transports.html
2010-01-17T17:48:39+00:00 INFO (6):     Indexing: /manual/1.0/zh/zend.feed.modifying-feed.html
2010-01-17T17:48:40+00:00 INFO (6):     Indexing: /manual/1.0/zh/zend.http.html
2010-01-17T17:48:40+00:00 INFO (6):     Indexing: /manual/1.0/zh/zend.cache.frontends.html
2010-01-17T17:48:41+00:00 INFO (6):     Indexing: /manual/1.0/zh/zend.view.helpers.html
2010-01-17T17:48:42+00:00 INFO (6):     Indexing: /manual/1.0/zh/zend.search.lucene.html
2010-01-17T17:48:42+00:00 INFO (6):     Indexing: /manual/1.0/zh/zend.json.html
2010-01-17T17:48:42+00:00 INFO (6):     Indexing: /manual/1.0/zh/zend.controller.basics.html
2010-01-17T17:48:43+00:00 INFO (6):     Indexing: /manual/1.0/zh/requirements.html
2010-01-17T17:48:43+00:00 INFO (6):     Indexing: /manual/1.0/zh/zend.validate.html
2010-01-17T17:48:43+00:00 INFO (6):     Indexing: /manual/1.0/zh/zend.mail.character-sets.html
2010-01-17T17:48:44+00:00 INFO (6):     Indexing: /manual/1.0/zh/zend.view.controllers.html
2010-01-17T17:48:44+00:00 INFO (6):     Indexing: /manual/1.0/zh/zend.translate.adapter.html
2010-01-17T17:48:44+00:00 INFO (6):     Indexing: /manual/1.0/zh/zend.debug.html
2010-01-17T17:48:45+00:00 INFO (6):     Indexing: /manual/1.0/zh/zend.config.adapters.ini.html
2010-01-17T17:48:46+00:00 INFO (6):     Indexing: /manual/1.0/zh/zend.config.adapters.xml.html
2010-01-17T17:48:46+00:00 INFO (6):     Indexing: /manual/1.0/zh/zend.filter.filter_chains.html
2010-01-17T17:48:46+00:00 INFO (6): INDEXING LANGUAGE: ru
2010-01-17T17:48:46+00:00 INFO (6):     Indexing: /manual/1.0/ru/zend.search.lucene.charset.html
2010-01-17T17:48:47+00:00 INFO (6):     Indexing: /manual/1.0/ru/zend.mime.part.html
2010-01-17T17:48:47+00:00 INFO (6):     Indexing: /manual/1.0/ru/zend.feed.findFeeds.html
2010-01-17T17:48:47+00:00 INFO (6):     Indexing: /manual/1.0/ru/zend.acl.refining.html
2010-01-17T17:48:48+00:00 INFO (6):     Indexing: /manual/1.0/ru/zend.http.client.advanced.html
2010-01-17T17:48:48+00:00 INFO (6):     Indexing: /manual/1.0/ru/zend.session.html
2010-01-17T17:48:49+00:00 INFO (6):     Indexing: /manual/1.0/ru/zend.date.overview.html
2010-01-17T17:48:51+00:00 INFO (6):     Indexing: /manual/1.0/ru/zend.uri.html
2010-01-17T17:48:51+00:00 INFO (6):     Indexing: /manual/1.0/ru/zend.service.strikeiron.advanced-uses.html
2010-01-17T17:48:52+00:00 INFO (6):     Indexing: /manual/1.0/ru/zend.date.creation.html
2010-01-17T17:48:52+00:00 INFO (6):     Indexing: /manual/1.0/ru/zend.service.amazon.html
2010-01-17T17:48:53+00:00 INFO (6):     Indexing: /manual/1.0/ru/zend.mail.smtp-authentication.html
2010-01-17T17:48:53+00:00 INFO (6):     Indexing: /manual/1.0/ru/zend.cache.backends.html
2010-01-17T17:48:54+00:00 INFO (6):     Indexing: /manual/1.0/ru/zend.controller.action.html
2010-01-17T17:48:55+00:00 INFO (6):     Indexing: /manual/1.0/ru/zend.feed.importing.html
2010-01-17T17:48:55+00:00 INFO (6):     Indexing: /manual/1.0/ru/zend.locale.date.datesandtimes.html
2010-01-17T17:48:56+00:00 INFO (6):     Indexing: /manual/1.0/ru/zend.mail.boundary.html
2010-01-17T17:48:57+00:00 INFO (6):     Indexing: /manual/1.0/ru/zend.cache.html
2010-01-17T17:48:58+00:00 INFO (6):     Indexing: /manual/1.0/ru/zend.date.constants.html
2010-01-17T17:48:59+00:00 INFO (6):     Indexing: /manual/1.0/ru/zend.translate.html
2010-01-17T17:48:59+00:00 INFO (6):     Indexing: /manual/1.0/ru/zend.controller.dispatcher.html
2010-01-17T17:49:00+00:00 INFO (6):     Indexing: /manual/1.0/ru/zend.controller.router.html
2010-01-17T17:49:01+00:00 INFO (6):     Indexing: /manual/1.0/ru/zend.mail.html-mails.html
2010-01-17T17:49:01+00:00 INFO (6):     Indexing: /manual/1.0/ru/zend.auth.adapter.dbtable.html
2010-01-17T17:49:02+00:00 INFO (6):     Indexing: /manual/1.0/ru/coding-standard.coding-style.html
2010-01-17T17:49:02+00:00 INFO (6):     Indexing: /manual/1.0/ru/zend.service.delicious.html
2010-01-17T17:49:03+00:00 INFO (6):     Indexing: /manual/1.0/ru/zend.service.html
2010-01-17T17:49:05+00:00 INFO (6):     Indexing: /manual/1.0/ru/zend.cache.theory.html
2010-01-17T17:49:06+00:00 INFO (6):     Indexing: /manual/1.0/ru/zend.validate.set.html
2010-01-17T17:49:06+00:00 INFO (6):     Indexing: /manual/1.0/ru/zend.db.html
2010-01-17T17:49:07+00:00 INFO (6):     Indexing: /manual/1.0/ru/zend.xmlrpc.html
2010-01-17T17:49:08+00:00 INFO (6):     Indexing: /manual/1.0/ru/zend.db.table.html
2010-01-17T17:49:09+00:00 INFO (6):     Indexing: /manual/1.0/ru/zend.mail.attachments.html
2010-01-17T17:49:10+00:00 INFO (6):     Indexing: /manual/1.0/ru/zend.controller.modular.html
2010-01-17T17:49:10+00:00 INFO (6):     Indexing: /manual/1.0/ru/zend.controller.front.html
2010-01-17T17:49:11+00:00 INFO (6):     Indexing: /manual/1.0/ru/zend.gdata.authsub.html
2010-01-17T17:49:11+00:00 INFO (6):     Indexing: /manual/1.0/ru/zend.validate.validator_chains.html
2010-01-17T17:49:14+00:00 INFO (6):     Indexing: /manual/1.0/ru/the.index.html
2010-01-17T17:49:14+00:00 INFO (6):     Indexing: /manual/1.0/ru/zend.search.lucene.query-language.html
2010-01-17T17:49:15+00:00 INFO (6):     Indexing: /manual/1.0/ru/zend.xmlrpc.client.html
2010-01-17T17:49:15+00:00 INFO (6):     Indexing: /manual/1.0/ru/zend.service.strikeiron.bundled-services.html
2010-01-17T17:49:16+00:00 INFO (6):     Indexing: /manual/1.0/ru/zend.xmlrpc.server.html
2010-01-17T17:49:17+00:00 INFO (6):     Indexing: /manual/1.0/ru/zend.view.scripts.html
2010-01-17T17:49:17+00:00 INFO (6):     Indexing: /manual/1.0/ru/zend.session.globalsessionmanagement.html
2010-01-17T17:49:18+00:00 INFO (6):     Indexing: /manual/1.0/ru/zend.server.html
2010-01-17T17:49:19+00:00 INFO (6):     Indexing: /manual/1.0/ru/zend.loader.html
2010-01-17T17:49:19+00:00 INFO (6):     Indexing: /manual/1.0/ru/zend.mail.smtp-secure.html
2010-01-17T17:49:21+00:00 INFO (6):     Indexing: /manual/1.0/ru/zend.measure.output.html
2010-01-17T17:49:22+00:00 INFO (6):     Indexing: /manual/1.0/ru/zend.exception.html
2010-01-17T17:49:22+00:00 INFO (6):     Indexing: /manual/1.0/ru/zend.pdf.pages.html
2010-01-17T17:49:23+00:00 INFO (6):     Indexing: /manual/1.0/ru/zend.rest.client.html
2010-01-17T17:49:23+00:00 INFO (6):     Indexing: /manual/1.0/ru/zend.log.filters.html
2010-01-17T17:49:24+00:00 INFO (6):     Indexing: /manual/1.0/ru/zend.measure.html
2010-01-17T17:49:24+00:00 INFO (6):     Indexing: /manual/1.0/ru/zend.service.simpy.html
2010-01-17T17:49:25+00:00 INFO (6):     Indexing: /manual/1.0/ru/zend.locale.regions.html
2010-01-17T17:49:25+00:00 INFO (6):     Indexing: /manual/1.0/ru/coding-standard.naming-conventions.html
2010-01-17T17:49:26+00:00 INFO (6):     Indexing: /manual/1.0/ru/zend.memory.memory-manager.html
2010-01-17T17:49:51+00:00 INFO (6):     Indexing: /manual/1.0/ru/zend.controller.plugins.html
2010-01-17T17:49:51+00:00 INFO (6):     Indexing: /manual/1.0/ru/zend.console.getopt.rules.html
2010-01-17T17:49:52+00:00 INFO (6):     Indexing: /manual/1.0/ru/zend.service.yahoo.html
2010-01-17T17:49:52+00:00 INFO (6):     Indexing: /manual/1.0/ru/zend.pdf.usage.html
2010-01-17T17:49:53+00:00 INFO (6):     Indexing: /manual/1.0/ru/zend.acl.advanced.html
2010-01-17T17:49:53+00:00 INFO (6):     Indexing: /manual/1.0/ru/zend.pdf.save.html
2010-01-17T17:49:53+00:00 INFO (6):     Indexing: /manual/1.0/ru/zend.session.basicusage.html
2010-01-17T17:49:54+00:00 INFO (6):     Indexing: /manual/1.0/ru/zend.memory.html
2010-01-17T17:49:54+00:00 INFO (6):     Indexing: /manual/1.0/ru/zend.search.lucene.index-creation.html
2010-01-17T17:49:54+00:00 INFO (6):     Indexing: /manual/1.0/ru/zend.filter.writing_filters.html
2010-01-17T17:49:56+00:00 INFO (6):     Indexing: /manual/1.0/ru/zend.config.html
2010-01-17T17:49:56+00:00 INFO (6):     Indexing: /manual/1.0/ru/zend.view.html
2010-01-17T17:49:56+00:00 INFO (6):     Indexing: /manual/1.0/ru/zend.db.select.html
2010-01-17T17:49:58+00:00 INFO (6):     Indexing: /manual/1.0/ru/zend.json.objects.html
2010-01-17T17:49:59+00:00 INFO (6):     Indexing: /manual/1.0/ru/zend.log.writers.html
2010-01-17T17:49:59+00:00 INFO (6):     Indexing: /manual/1.0/ru/zend.acl.html
2010-01-17T17:50:00+00:00 INFO (6):     Indexing: /manual/1.0/ru/copyrights.html
2010-01-17T17:50:00+00:00 INFO (6):     Indexing: /manual/1.0/ru/zend.date.definition.theory.html
2010-01-17T17:50:00+00:00 INFO (6):     Indexing: /manual/1.0/ru/zend.mail.sending.html
2010-01-17T17:50:00+00:00 INFO (6):     Indexing: /manual/1.0/ru/zend.auth.adapter.digest.html
2010-01-17T17:50:02+00:00 INFO (6):     Indexing: /manual/1.0/ru/zend.registry.html
2010-01-17T17:50:03+00:00 INFO (6):     Indexing: /manual/1.0/ru/requirements.zendcomponents.html
2010-01-17T17:50:03+00:00 INFO (6):     Indexing: /manual/1.0/ru/zend.date.additional.html
2010-01-17T17:50:04+00:00 INFO (6):     Indexing: /manual/1.0/ru/zend.validate.writing_validators.html
2010-01-17T17:50:04+00:00 INFO (6):     Indexing: /manual/1.0/ru/zend.controller.actionhelpers.html
2010-01-17T17:50:06+00:00 INFO (6):     Indexing: /manual/1.0/ru/zend.auth.html
2010-01-17T17:50:07+00:00 INFO (6):     Indexing: /manual/1.0/ru/zend.controller.html
2010-01-17T17:50:07+00:00 INFO (6):     Indexing: /manual/1.0/ru/zend.console.getopt.html
2010-01-17T17:50:08+00:00 INFO (6):     Indexing: /manual/1.0/ru/coding-standard.html
2010-01-17T17:50:08+00:00 INFO (6):     Indexing: /manual/1.0/ru/zend.mail.additional-headers.html
2010-01-17T17:50:10+00:00 INFO (6):     Indexing: /manual/1.0/ru/zend.translate.using.html
2010-01-17T17:50:11+00:00 INFO (6):     Indexing: /manual/1.0/ru/zend.mail.multiple-emails.html
2010-01-17T17:50:11+00:00 INFO (6):     Indexing: /manual/1.0/ru/zend.auth.adapter.http.html
2010-01-17T17:50:12+00:00 INFO (6):     Indexing: /manual/1.0/ru/zend.feed.custom-feed.html
2010-01-17T17:50:12+00:00 INFO (6):     Indexing: /manual/1.0/ru/zend.mail.html
2010-01-17T17:50:13+00:00 INFO (6):     Indexing: /manual/1.0/ru/zend.console.getopt.fetching.html
2010-01-17T17:50:13+00:00 INFO (6):     Indexing: /manual/1.0/ru/zend.session.advancedusage.html
2010-01-17T17:50:14+00:00 INFO (6):     Indexing: /manual/1.0/ru/index.html
2010-01-17T17:50:17+00:00 INFO (6):     Indexing: /manual/1.0/ru/zend.pdf.html
2010-01-17T17:50:17+00:00 INFO (6):     Indexing: /manual/1.0/ru/zend.measure.creation.html
2010-01-17T17:50:19+00:00 INFO (6):     Indexing: /manual/1.0/ru/zend.filter.set.html
2010-01-17T17:50:20+00:00 INFO (6):     Indexing: /manual/1.0/ru/zend.http.client.adapters.html
2010-01-17T17:50:20+00:00 INFO (6):     Indexing: /manual/1.0/ru/zend.controller.exceptions.html
2010-01-17T17:50:21+00:00 INFO (6):     Indexing: /manual/1.0/ru/coding-standard.php-file-formatting.html
2010-01-17T17:50:21+00:00 INFO (6):     Indexing: /manual/1.0/ru/zend.config.theory_of_operation.html
2010-01-17T17:50:22+00:00 INFO (6):     Indexing: /manual/1.0/ru/zend.service.akismet.html
2010-01-17T17:50:22+00:00 INFO (6):     Indexing: /manual/1.0/ru/zend.controller.request.html
2010-01-17T17:50:23+00:00 INFO (6):     Indexing: /manual/1.0/ru/zend.log.formatters.html
2010-01-17T17:50:23+00:00 INFO (6):     Indexing: /manual/1.0/ru/zend.locale.parsing.html
2010-01-17T17:50:24+00:00 INFO (6):     Indexing: /manual/1.0/ru/zend.search.lucene.searching.html
2010-01-17T17:50:26+00:00 INFO (6):     Indexing: /manual/1.0/ru/zend.db.table.row.html
2010-01-17T17:50:27+00:00 INFO (6):     Indexing: /manual/1.0/ru/zend.log.html
2010-01-17T17:50:27+00:00 INFO (6):     Indexing: /manual/1.0/ru/zend.db.statement.html
2010-01-17T17:50:28+00:00 INFO (6):     Indexing: /manual/1.0/ru/zend.gdata.clientlogin.html
2010-01-17T17:50:28+00:00 INFO (6):     Indexing: /manual/1.0/ru/zend.search.lucene.extending.html
2010-01-17T17:50:29+00:00 INFO (6):     Indexing: /manual/1.0/ru/zend.gdata.html
2010-01-17T17:50:30+00:00 INFO (6):     Indexing: /manual/1.0/ru/zend.filter.html
2010-01-17T17:50:30+00:00 INFO (6):     Indexing: /manual/1.0/ru/zend.locale.functions.html
2010-01-17T17:50:31+00:00 INFO (6):     Indexing: /manual/1.0/ru/requirements.extensions.html
2010-01-17T17:50:31+00:00 INFO (6):     Indexing: /manual/1.0/ru/zend.server.reflection.html
2010-01-17T17:50:34+00:00 INFO (6):     Indexing: /manual/1.0/ru/zend.json.basics.html
2010-01-17T17:50:34+00:00 INFO (6):     Indexing: /manual/1.0/ru/zend.search.lucene.query-api.html
2010-01-17T17:50:35+00:00 INFO (6):     Indexing: /manual/1.0/ru/zend.mime.message.html
2010-01-17T17:50:35+00:00 INFO (6):     Indexing: /manual/1.0/ru/zend.console.getopt.configuration.html
2010-01-17T17:50:36+00:00 INFO (6):     Indexing: /manual/1.0/ru/zend.mime.html
2010-01-17T17:50:36+00:00 INFO (6):     Indexing: /manual/1.0/ru/introduction.installation.html
2010-01-17T17:50:36+00:00 INFO (6):     Indexing: /manual/1.0/ru/zend.memory.memory-objects.html
2010-01-17T17:50:37+00:00 INFO (6):     Indexing: /manual/1.0/ru/zend.locale.languages.html
2010-01-17T17:50:37+00:00 INFO (6):     Indexing: /manual/1.0/ru/zend.service.strikeiron.html
2010-01-17T17:50:38+00:00 INFO (6):     Indexing: /manual/1.0/ru/zend.feed.consuming-atom-single-entry.html
2010-01-17T17:50:39+00:00 INFO (6):     Indexing: /manual/1.0/ru/zend.feed.consuming-rss.html
2010-01-17T17:50:40+00:00 INFO (6):     Indexing: /manual/1.0/ru/zend.measure.edit.html
2010-01-17T17:50:40+00:00 INFO (6):     Indexing: /manual/1.0/ru/zend.mail.adding-recipients.html
2010-01-17T17:50:41+00:00 INFO (6):     Indexing: /manual/1.0/ru/zend.date.html
2010-01-17T17:50:41+00:00 INFO (6):     Indexing: /manual/1.0/ru/zend.search.lucene.java-lucene.html
2010-01-17T17:50:42+00:00 INFO (6):     Indexing: /manual/1.0/ru/zend.feed.consuming-atom.html
2010-01-17T17:50:42+00:00 INFO (6):     Indexing: /manual/1.0/ru/zend.feed.html
2010-01-17T17:50:43+00:00 INFO (6):     Indexing: /manual/1.0/ru/zend.gdata.calendar.html
2010-01-17T17:50:44+00:00 INFO (6):     Indexing: /manual/1.0/ru/zend.http.response.html
2010-01-17T17:50:44+00:00 INFO (6):     Indexing: /manual/1.0/ru/zend.controller.migration.html
2010-01-17T17:50:47+00:00 INFO (6):     Indexing: /manual/1.0/ru/zend.filter.input.html
2010-01-17T17:50:48+00:00 INFO (6):     Indexing: /manual/1.0/ru/zend.pdf.create.html
2010-01-17T17:50:49+00:00 INFO (6):     Indexing: /manual/1.0/ru/zend.rest.html
2010-01-17T17:50:49+00:00 INFO (6):     Indexing: /manual/1.0/ru/zend.controller.response.html
2010-01-17T17:50:50+00:00 INFO (6):     Indexing: /manual/1.0/ru/zend.locale.html
2010-01-17T17:50:51+00:00 INFO (6):     Indexing: /manual/1.0/ru/zend.service.flickr.html
2010-01-17T17:50:51+00:00 INFO (6):     Indexing: /manual/1.0/ru/introduction.html
2010-01-17T17:50:52+00:00 INFO (6):     Indexing: /manual/1.0/ru/zend.mail.encoding.html
2010-01-17T17:50:52+00:00 INFO (6):     Indexing: /manual/1.0/ru/zend.version.html
2010-01-17T17:50:52+00:00 INFO (6):     Indexing: /manual/1.0/ru/zend.date.basic.html
2010-01-17T17:50:54+00:00 INFO (6):     Indexing: /manual/1.0/ru/zend.mail.different-transports.html
2010-01-17T17:50:55+00:00 INFO (6):     Indexing: /manual/1.0/ru/zend.feed.modifying-feed.html
2010-01-17T17:50:55+00:00 INFO (6):     Indexing: /manual/1.0/ru/zend.db.profiler.html
2010-01-17T17:50:56+00:00 INFO (6):     Indexing: /manual/1.0/ru/zend.pdf.drawing.html
2010-01-17T17:50:57+00:00 INFO (6):     Indexing: /manual/1.0/ru/zend.http.html
2010-01-17T17:50:57+00:00 INFO (6):     Indexing: /manual/1.0/ru/zend.cache.frontends.html
2010-01-17T17:50:58+00:00 INFO (6):     Indexing: /manual/1.0/ru/zend.view.helpers.html
2010-01-17T17:50:59+00:00 INFO (6):     Indexing: /manual/1.0/ru/zend.search.lucene.html
2010-01-17T17:51:00+00:00 INFO (6):     Indexing: /manual/1.0/ru/zend.gdata.spreadsheets.html
2010-01-17T17:51:00+00:00 INFO (6):     Indexing: /manual/1.0/ru/zend.search.lucene.advanced.html
2010-01-17T17:51:33+00:00 INFO (6):     Indexing: /manual/1.0/ru/zend.db.table.relationships.html
2010-01-17T17:54:51+00:00 INFO (6):     Indexing: /manual/1.0/ru/zend.http.cookies.html
2010-01-17T17:54:51+00:00 INFO (6):     Indexing: /manual/1.0/ru/zend.json.html
2010-01-17T17:54:51+00:00 INFO (6):     Indexing: /manual/1.0/ru/zend.service.audioscrobbler.html
2010-01-17T17:54:52+00:00 INFO (6):     Indexing: /manual/1.0/ru/zend.controller.basics.html
2010-01-17T17:54:52+00:00 INFO (6):     Indexing: /manual/1.0/ru/zend.db.table.rowset.html
2010-01-17T17:54:52+00:00 INFO (6):     Indexing: /manual/1.0/ru/requirements.html
2010-01-17T17:54:52+00:00 INFO (6):     Indexing: /manual/1.0/ru/zend.validate.html
2010-01-17T17:54:53+00:00 INFO (6):     Indexing: /manual/1.0/ru/zend.mail.character-sets.html
2010-01-17T17:54:53+00:00 INFO (6):     Indexing: /manual/1.0/ru/zend.measure.types.html
2010-01-17T17:54:53+00:00 INFO (6):     Indexing: /manual/1.0/ru/zend.view.controllers.html
2010-01-17T17:54:54+00:00 INFO (6):     Indexing: /manual/1.0/ru/zend.translate.adapter.html
2010-01-17T17:54:55+00:00 INFO (6):     Indexing: /manual/1.0/ru/zend.debug.html
2010-01-17T17:54:55+00:00 INFO (6):     Indexing: /manual/1.0/ru/zend.config.adapters.ini.html
2010-01-17T17:54:55+00:00 INFO (6):     Indexing: /manual/1.0/ru/zend.rest.server.html
2010-01-17T17:54:55+00:00 INFO (6):     Indexing: /manual/1.0/ru/zend.search.lucene.best-practice.html
2010-01-17T17:54:56+00:00 INFO (6):     Indexing: /manual/1.0/ru/zend.mail.read.html
2010-01-17T17:54:56+00:00 INFO (6):     Indexing: /manual/1.0/ru/zend.config.adapters.xml.html
2010-01-17T17:54:57+00:00 INFO (6):     Indexing: /manual/1.0/ru/zend.filter.filter_chains.html
2010-01-17T17:54:57+00:00 INFO (6):     Indexing: /manual/1.0/ru/zend.gdata.exception.html
2010-01-17T17:54:57+00:00 INFO (6): OPTIMIZING INDEX
2010-01-17T17:57:44+00:00 INFO (6): UPDATING PERMISSIONS
2010-01-17T17:57:44+00:00 INFO (6): INDEX COMPLETE
