PHPUnit 3.2.8 by Sebastian Bergmann.

Zend_Locale_FormatTest
.
toNumber
--------
1-Value :'0'
2-Locale:''
3-Format1:''
3-Format2:'#,##0.###'
6-Prec4
7-Prec2:'0'
8-Number2:'0'
9-Prec1:'0'
9-Prec4:'00'
12-Format1:'#,##'
12-Format6:'0'
RESULT:'0'
toNumber
--------
1-Value :'0'
2-Locale:'de'
3-Format1:''
3-Format2:'#,##0.###'
6-Prec4
7-Prec2:'0'
8-Number2:'0'
9-Prec1:'0'
9-Prec4:'00'
12-Format1:'#,##'
12-Format6:'0'
RESULT:'0'
toNumber
--------
1-Value :'0'
2-Locale:'de_AT'
3-Format1:''
3-Format2:'#,##0.###'
6-Prec4
7-Prec2:'0'
8-Number2:'0'
9-Prec1:'0'
9-Prec4:'00'
12-Format1:'#,##'
12-Format6:'0'
RESULT:'0'
toNumber
--------
1-Value :'-1234567'
2-Locale:'de_AT'
3-Format1:''
3-Format2:'#,##0.###'
6-Prec4
7-Prec2:'0'
8-Number2:'-1234567'
9-Prec1:'0'
9-Prec4:'00'
10-Number:'1234567'
11-Rest:'#'
12-Format1:'#,##'
12-Number5:'1234.567'
12-Number5:'1.234.567'
12-Format6:'1.234.567'
RESULT:'−1.234.567'
toNumber
--------
1-Value :'1234567'
2-Locale:'de_AT'
3-Format1:''
3-Format2:'#,##0.###'
6-Prec4
7-Prec2:'0'
8-Number2:'1234567'
9-Prec1:'0'
9-Prec4:'00'
12-Format1:'#,##'
12-Number5:'1234.567'
12-Number5:'1.234.567'
12-Format6:'1.234.567'
RESULT:'1.234.567'
toNumber
--------
1-Value :'0.1234567'
2-Locale:'de_AT'
3-Format1:''
3-Format2:'#,##0.###'
6-Prec1:'1234567'
7-Prec1:'7'
8-Number1:'0'
9-Prec1:'0.1234567'
12-Format2:'#,##,1234567'
12-Format6:'0,1234567'
RESULT:'0,1234567'
toNumber
--------
1-Value :'-1234567.12345'
2-Locale:'de_AT'
3-Format1:''
3-Format2:'#,##0.###'
6-Prec1:'12345'
7-Prec1:'5'
8-Number1:'-1234567'
9-Prec1:'-0.12345'
9-Prec2:'0.12345'
10-Number:'1234567'
11-Rest:'#'
12-Format2:'#,##,12345'
12-Number5:'1234.567'
12-Number5:'1.234.567'
12-Format6:'1.234.567,12345'
RESULT:'−1.234.567,12345'
toNumber
--------
1-Value :'1234567.12345'
2-Locale:'de_AT'
3-Format1:''
3-Format2:'#,##0.###'
6-Prec1:'12345'
7-Prec1:'5'
8-Number1:'1234567'
9-Prec1:'0.12345'
12-Format2:'#,##,12345'
12-Number5:'1234.567'
12-Number5:'1.234.567'
12-Format6:'1.234.567,12345'
RESULT:'1.234.567,12345'
toNumber
--------
1-Value :'1234567.12345'
2-Locale:'ar_QA'
3-Format1:''
3-Format2:'#0.###;#0.###-'
3-Format4:'#0.###'
6-Prec1:'12345'
7-Prec1:'5'
8-Number1:'1234567'
9-Prec1:'0.12345'
12-Format2:'#٫12345'
12-Format4:'1234567٫12345'
RESULT:'1234567٫12345'
toNumber
--------
1-Value :'-1234567.12345'
2-Locale:'ar_QA'
3-Format1:''
3-Format2:'#0.###;#0.###-'
3-Format3:'#0.###-'
6-Prec1:'12345'
7-Prec1:'5'
8-Number1:'-1234567'
9-Prec1:'-0.12345'
9-Prec2:'0.12345'
10-Number:'1234567'
11-Rest:'-'
12-Format2:'#٫12345'
12-Format3:'#٫12345-'
12-Format4:'1234567٫12345-'
RESULT:'1234567٫12345-'
toNumber
--------
1-Value :'1234567.12345'
2-Locale:'dz_BT'
3-Format1:''
3-Format2:'#,##,##0.###'
6-Prec1:'12345'
7-Prec1:'5'
8-Number1:'1234567'
9-Prec1:'0.12345'
12-Format2:'#,##,##.12345'
13-Number1:'1234,567'
13-Number2:'12,34,567'
12-Format6:'12,34,567.12345'
RESULT:'12,34,567.12345'
toNumber
--------
1-Value :'-1234567.12345'
2-Locale:'mk_MK'
3-Format1:''
3-Format2:'#,##0.###;(#,##0.###)'
3-Format3:'(#,##0.###)'
6-Prec1:'12345'
7-Prec1:'5'
8-Number1:'-1234567'
9-Prec1:'-0.12345'
9-Prec2:'0.12345'
10-Number:'1234567'
11-Rest:')'
12-Format2:'(#,##,12345'
12-Format3:'(#,##,12345)'
12-Number5:'1234.567'
12-Number5:'1.234.567'
12-Format6:'(1.234.567,12345)'
RESULT:'-(1.234.567,12345)'
toNumber
--------
1-Value :'452.25'
2-Locale:'en_US'
3-Format1:''
3-Format2:'#,##0.###'
6-Prec1:'25'
7-Prec1:'2'
8-Number1:'452'
9-Prec1:'0.25'
12-Format2:'#,##.25'
12-Format6:'452.25'
RESULT:'452.25'
toNumber
--------
1-Value :'54321.1234'
2-Locale:'en_US'
3-Format1:''
3-Format2:'#,##0.###'
6-Prec1:'1234'
7-Prec1:'4'
8-Number1:'54321'
9-Prec1:'0.1234'
12-Format2:'#,##.1234'
12-Number5:'54,321'
12-Format6:'54,321.1234'
RESULT:'54,321.1234'
toNumber
--------
1-Value :'1.234567'
2-Locale:'de_DE'
3-Format1:'0.00'
3-Format5:'0.00'
4-Prec:'2'
4-Value1:'1.23'
5-Value:'1.23'
6-Prec2:'23'
8-Number1:'1'
9-Prec1:'0.23'
12-Format2:',23'
12-Format4:'1,23'
RESULT:'1,23'...
toNumber
--------
1-Value :'0'
2-Locale:''
3-Format1:'#,##0.###'
3-Format5:'#,##0.###'
4-Prec:''
4-Value2
5-Value:'0'
6-Prec4
7-Prec2:'0'
8-Number2:'0'
9-Prec1:'0'
9-Prec4:'00'
12-Format1:'#,##'
12-Format6:'0'
RESULT:'0'
toNumber
--------
1-Value :'0'
2-Locale:'de'
3-Format1:'#,##0.###'
3-Format5:'#,##0.###'
4-Prec:''
4-Value2
5-Value:'0'
6-Prec4
7-Prec2:'0'
8-Number2:'0'
9-Prec1:'0'
9-Prec4:'00'
12-Format1:'#,##'
12-Format6:'0'
RESULT:'0'
toNumber
--------
1-Value :'0'
2-Locale:'de_AT'
3-Format1:'#,##0.###'
3-Format5:'#,##0.###'
4-Prec:''
4-Value2
5-Value:'0'
6-Prec4
7-Prec2:'0'
8-Number2:'0'
9-Prec1:'0'
9-Prec4:'00'
12-Format1:'#,##'
12-Format6:'0'
RESULT:'0'
toNumber
--------
1-Value :'-1234567'
2-Locale:'de_AT'
3-Format1:'#,##0.###'
3-Format5:'#,##0.###'
4-Prec:''
4-Value2
5-Value:'-1234567'
6-Prec4
7-Prec2:'0'
8-Number2:'-1234567'
9-Prec1:'0'
9-Prec4:'00'
10-Number:'1234567'
11-Rest:'#'
12-Format1:'#,##'
12-Number5:'1234.567'
12-Number5:'1.234.567'
12-Format6:'1.234.567'
RESULT:'−1.234.567'
toNumber
--------
1-Value :'1234567'
2-Locale:'de_AT'
3-Format1:'#,##0.###'
3-Format5:'#,##0.###'
4-Prec:''
4-Value2
5-Value:'1234567'
6-Prec4
7-Prec2:'0'
8-Number2:'1234567'
9-Prec1:'0'
9-Prec4:'00'
12-Format1:'#,##'
12-Number5:'1234.567'
12-Number5:'1.234.567'
12-Format6:'1.234.567'
RESULT:'1.234.567'
toNumber
--------
1-Value :'0.1234567'
2-Locale:'de_AT'
3-Format1:'#,##0.###'
3-Format5:'#,##0.###'
4-Prec:''
4-Value2
5-Value:'0.1234567'
6-Prec1:'1234567'
7-Prec1:'7'
8-Number1:'0'
9-Prec1:'0.1234567'
12-Format2:'#,##,1234567'
12-Format6:'0,1234567'
RESULT:'0,1234567'
toNumber
--------
1-Value :'-1234567.12345'
2-Locale:'de_AT'
3-Format1:'#,##0.###'
3-Format5:'#,##0.###'
4-Prec:''
4-Value2
5-Value:'-1234567.12345'
6-Prec1:'12345'
7-Prec1:'5'
8-Number1:'-1234567'
9-Prec1:'-0.12345'
9-Prec2:'0.12345'
10-Number:'1234567'
11-Rest:'#'
12-Format2:'#,##,12345'
12-Number5:'1234.567'
12-Number5:'1.234.567'
12-Format6:'1.234.567,12345'
RESULT:'−1.234.567,12345'
toNumber
--------
1-Value :'1234567.12345'
2-Locale:'de_AT'
3-Format1:'#,##0.###'
3-Format5:'#,##0.###'
4-Prec:''
4-Value2
5-Value:'1234567.12345'
6-Prec1:'12345'
7-Prec1:'5'
8-Number1:'1234567'
9-Prec1:'0.12345'
12-Format2:'#,##,12345'
12-Number5:'1234.567'
12-Number5:'1.234.567'
12-Format6:'1.234.567,12345'
RESULT:'1.234.567,12345'
toNumber
--------
1-Value :'1234567.12345'
2-Locale:'ar_QA'
3-Format1:'#0.###;#0.###-'
3-Format5:'#0.###;#0.###-'
3-Format7:'#0.###'
4-Prec:''
4-Value2
5-Value:'1234567.12345'
6-Prec1:'12345'
7-Prec1:'5'
8-Number1:'1234567'
9-Prec1:'0.12345'
12-Format2:'#٫12345'
12-Format4:'1234567٫12345'
RESULT:'1234567٫12345'
toNumber
--------
1-Value :'-1234567.12345'
2-Locale:'ar_QA'
3-Format1:'#0.###;#0.###-'
3-Format5:'#0.###;#0.###-'
3-Format6:'#0.###-'
4-Prec:''
4-Value2
5-Value:'-1234567.12345'
6-Prec1:'12345'
7-Prec1:'5'
8-Number1:'-1234567'
9-Prec1:'-0.12345'
9-Prec2:'0.12345'
10-Number:'1234567'
11-Rest:'-'
12-Format2:'#٫12345'
12-Format3:'#٫12345-'
12-Format4:'1234567٫12345-'
RESULT:'1234567٫12345-'
toNumber
--------
1-Value :'1234567.12345'
2-Locale:'dz_BT'
3-Format1:'#,##,##0.###'
3-Format5:'#,##,##0.###'
4-Prec:''
4-Value2
5-Value:'1234567.12345'
6-Prec1:'12345'
7-Prec1:'5'
8-Number1:'1234567'
9-Prec1:'0.12345'
12-Format2:'#,##,##.12345'
13-Number1:'1234,567'
13-Number2:'12,34,567'
12-Format6:'12,34,567.12345'
RESULT:'12,34,567.12345'
toNumber
--------
1-Value :'-1234567.12345'
2-Locale:'mk_MK'
3-Format1:'#,##0.###;(#,##0.###)'
3-Format5:'#,##0.###;(#,##0.###)'
3-Format6:'(#,##0.###)'
4-Prec:''
4-Value2
5-Value:'-1234567.12345'
6-Prec1:'12345'
7-Prec1:'5'
8-Number1:'-1234567'
9-Prec1:'-0.12345'
9-Prec2:'0.12345'
10-Number:'1234567'
11-Rest:')'
12-Format2:'(#,##,12345'
12-Format3:'(#,##,12345)'
12-Number5:'1234.567'
12-Number5:'1.234.567'
12-Format6:'(1.234.567,12345)'
RESULT:'-(1.234.567,12345)'
toNumber
--------
1-Value :'0'
2-Locale:'de_AT'
3-Format1:'#,##0.###'
3-Format5:'#,##0.###'
4-Prec:'2'
4-Value1:'0.0'
5-Value:'0.0'
6-Prec2:'0'
6-Prec3:'00'
8-Number1:'0'
9-Prec1:'0.00'
9-Prec3:'0.0'
9-Prec4:'0.00'
12-Format2:'#,##,00'
12-Format6:'0,00'
RESULT:'0,00'
toNumber
--------
1-Value :'-1234567'
2-Locale:'de_AT'
3-Format1:'#,##0.###'
3-Format5:'#,##0.###'
4-Prec:'2'
4-Value1:'-1234567.0'
5-Value:'-1234567.0'
6-Prec2:'0'
6-Prec3:'00'
8-Number1:'-1234567'
9-Prec1:'0.00'
9-Prec3:'0.0'
9-Prec4:'0.00'
10-Number:'1234567'
11-Rest:'#'
12-Format2:'#,##,00'
12-Number5:'1234.567'
12-Number5:'1.234.567'
12-Format6:'1.234.567,00'
RESULT:'−1.234.567,00'
toNumber
--------
1-Value :'1234567'
2-Locale:'de_AT'
3-Format1:'#,##0.###'
3-Format5:'#,##0.###'
4-Prec:'2'
4-Value1:'1234567.0'
5-Value:'1234567.0'
6-Prec2:'0'
6-Prec3:'00'
8-Number1:'1234567'
9-Prec1:'0.00'
9-Prec3:'0.0'
9-Prec4:'0.00'
12-Format2:'#,##,00'
12-Number5:'1234.567'
12-Number5:'1.234.567'
12-Format6:'1.234.567,00'
RESULT:'1.234.567,00'
toNumber
--------
1-Value :'0.1234567'
2-Locale:'de_AT'
3-Format1:'#,##0.###'
3-Format5:'#,##0.###'
4-Prec:'2'
4-Value1:'0.12'
5-Value:'0.12'
6-Prec2:'12'
8-Number1:'0'
9-Prec1:'0.12'
12-Format2:'#,##,12'
12-Format6:'0,12'
RESULT:'0,12'
toNumber
--------
1-Value :'-1234567.12345'
2-Locale:'de_AT'
3-Format1:'#,##0.###'
3-Format5:'#,##0.###'
4-Prec:'2'
4-Value1:'-1234567.12'
5-Value:'-1234567.12'
6-Prec2:'12'
8-Number1:'-1234567'
9-Prec1:'-0.12'
9-Prec2:'0.12'
10-Number:'1234567'
11-Rest:'#'
12-Format2:'#,##,12'
12-Number5:'1234.567'
12-Number5:'1.234.567'
12-Format6:'1.234.567,12'
RESULT:'−1.234.567,12'
toNumber
--------
1-Value :'1234567.12345'
2-Locale:'de_AT'
3-Format1:'#,##0.###'
3-Format5:'#,##0.###'
4-Prec:'2'
4-Value1:'1234567.12'
5-Value:'1234567.12'
6-Prec2:'12'
8-Number1:'1234567'
9-Prec1:'0.12'
12-Format2:'#,##,12'
12-Number5:'1234.567'
12-Number5:'1.234.567'
12-Format6:'1.234.567,12'
RESULT:'1.234.567,12'
toNumber
--------
1-Value :'1234567.12345'
2-Locale:'de_AT'
3-Format1:'#,##0.###'
3-Format5:'#,##0.###'
4-Prec:'7'
4-Value1:'1234567.12345'
5-Value:'1234567.12345'
6-Prec2:'12345'
6-Prec3:'1234500'
8-Number1:'1234567'
9-Prec1:'0.1234500'
12-Format2:'#,##,1234500'
12-Number5:'1234.567'
12-Number5:'1.234.567'
12-Format6:'1.234.567,1234500'
RESULT:'1.234.567,1234500'...
toNumber
--------
1-Value :'0'
2-Locale:''
3-Format1:'#,##0.###'
3-Format5:'#,##0.###'
4-Prec:'0'
4-Value1:'0'
5-Value:'0'
6-Prec4
8-Number2:'0'
9-Prec1:'0'
9-Prec4:'00'
12-Format1:'#,##'
12-Format6:'0'
RESULT:'0'
toNumber
--------
1-Value :'0'
2-Locale:'de'
3-Format1:'#,##0.###'
3-Format5:'#,##0.###'
4-Prec:'0'
4-Value1:'0'
5-Value:'0'
6-Prec4
8-Number2:'0'
9-Prec1:'0'
9-Prec4:'00'
12-Format1:'#,##'
12-Format6:'0'
RESULT:'0'
toNumber
--------
1-Value :'0'
2-Locale:'de_AT'
3-Format1:'#,##0.###'
3-Format5:'#,##0.###'
4-Prec:'0'
4-Value1:'0'
5-Value:'0'
6-Prec4
8-Number2:'0'
9-Prec1:'0'
9-Prec4:'00'
12-Format1:'#,##'
12-Format6:'0'
RESULT:'0'
toNumber
--------
1-Value :'-1234567'
2-Locale:'de_AT'
3-Format1:'#,##0.###'
3-Format5:'#,##0.###'
4-Prec:'0'
4-Value1:'-1234567'
5-Value:'-1234567'
6-Prec4
8-Number2:'-1234567'
9-Prec1:'0'
9-Prec4:'00'
10-Number:'1234567'
11-Rest:'#'
12-Format1:'#,##'
12-Number5:'1234.567'
12-Number5:'1.234.567'
12-Format6:'1.234.567'
RESULT:'−1.234.567'
toNumber
--------
1-Value :'1234567'
2-Locale:'de_AT'
3-Format1:'#,##0.###'
3-Format5:'#,##0.###'
4-Prec:'0'
4-Value1:'1234567'
5-Value:'1234567'
6-Prec4
8-Number2:'1234567'
9-Prec1:'0'
9-Prec4:'00'
12-Format1:'#,##'
12-Number5:'1234.567'
12-Number5:'1.234.567'
12-Format6:'1.234.567'
RESULT:'1.234.567'
toNumber
--------
1-Value :'0.1234567'
2-Locale:'de_AT'
3-Format1:'#,##0.###'
3-Format5:'#,##0.###'
4-Prec:'0'
4-Value1:'0'
5-Value:'0'
6-Prec4
8-Number2:'0'
9-Prec1:'0'
9-Prec4:'00'
12-Format1:'#,##'
12-Format6:'0'
RESULT:'0'
toNumber
--------
1-Value :'-1234567.12345'
2-Locale:'de_AT'
3-Format1:'#,##0.###'
3-Format5:'#,##0.###'
4-Prec:'0'
4-Value1:'-1234567'
5-Value:'-1234567'
6-Prec4
8-Number2:'-1234567'
9-Prec1:'0'
9-Prec4:'00'
10-Number:'1234567'
11-Rest:'#'
12-Format1:'#,##'
12-Number5:'1234.567'
12-Number5:'1.234.567'
12-Format6:'1.234.567'
RESULT:'−1.234.567'
toNumber
--------
1-Value :'1234567.12345'
2-Locale:'de_AT'
3-Format1:'#,##0.###'
3-Format5:'#,##0.###'
4-Prec:'0'
4-Value1:'1234567'
5-Value:'1234567'
6-Prec4
8-Number2:'1234567'
9-Prec1:'0'
9-Prec4:'00'
12-Format1:'#,##'
12-Number5:'1234.567'
12-Number5:'1.234.567'
12-Format6:'1.234.567'
RESULT:'1.234.567'
toNumber
--------
1-Value :'1234567.12345'
2-Locale:'ar_QA'
3-Format1:'#0.###;#0.###-'
3-Format5:'#0.###;#0.###-'
3-Format7:'#0.###'
4-Prec:'0'
4-Value1:'1234567'
5-Value:'1234567'
6-Prec4
8-Number2:'1234567'
9-Prec1:'0'
9-Prec4:'00'
12-Format1:'#'
12-Format4:'1234567'
RESULT:'1234567'
toNumber
--------
1-Value :'-1234567.12345'
2-Locale:'ar_QA'
3-Format1:'#0.###;#0.###-'
3-Format5:'#0.###;#0.###-'
3-Format6:'#0.###-'
4-Prec:'0'
4-Value1:'-1234567'
5-Value:'-1234567'
6-Prec4
8-Number2:'-1234567'
9-Prec1:'0'
9-Prec4:'00'
10-Number:'1234567'
11-Rest:'-'
12-Format1:'#'
12-Format3:'#-'
12-Format4:'1234567-'
RESULT:'1234567-'
toNumber
--------
1-Value :'1234567.12345'
2-Locale:'dz_BT'
3-Format1:'#,##,##0.###'
3-Format5:'#,##,##0.###'
4-Prec:'0'
4-Value1:'1234567'
5-Value:'1234567'
6-Prec4
8-Number2:'1234567'
9-Prec1:'0'
9-Prec4:'00'
12-Format1:'#,##,##'
13-Number1:'1234,567'
13-Number2:'12,34,567'
12-Format6:'12,34,567'
RESULT:'12,34,567'
toNumber
--------
1-Value :'-1234567.12345'
2-Locale:'mk_MK'
3-Format1:'#,##0.###;(#,##0.###)'
3-Format5:'#,##0.###;(#,##0.###)'
3-Format6:'(#,##0.###)'
4-Prec:'0'
4-Value1:'-1234567'
5-Value:'-1234567'
6-Prec4
8-Number2:'-1234567'
9-Prec1:'0'
9-Prec4:'00'
10-Number:'1234567'
11-Rest:')'
12-Format1:'(#,##'
12-Format3:'(#,##)'
12-Number5:'1234.567'
12-Number5:'1.234.567'
12-Format6:'(1.234.567)'
RESULT:'-(1.234.567)'.......
toNumber
--------
1-Value :'0'
2-Locale:''
3-Format1:''
3-Format2:'#,##0.###'
6-Prec4
7-Prec2:'0'
8-Number2:'0'
9-Prec1:'0'
9-Prec4:'00'
12-Format1:'#,##'
12-Format6:'0'
RESULT:'0'
toNumber
--------
1-Value :'0'
2-Locale:'de'
3-Format1:''
3-Format2:'#,##0.###'
6-Prec4
7-Prec2:'0'
8-Number2:'0'
9-Prec1:'0'
9-Prec4:'00'
12-Format1:'#,##'
12-Format6:'0'
RESULT:'0'
toNumber
--------
1-Value :'0'
2-Locale:'de_AT'
3-Format1:''
3-Format2:'#,##0.###'
6-Prec4
7-Prec2:'0'
8-Number2:'0'
9-Prec1:'0'
9-Prec4:'00'
12-Format1:'#,##'
12-Format6:'0'
RESULT:'0'
toNumber
--------
1-Value :'-1234567'
2-Locale:'de_AT'
3-Format1:''
3-Format2:'#,##0.###'
6-Prec4
7-Prec2:'0'
8-Number2:'-1234567'
9-Prec1:'0'
9-Prec4:'00'
10-Number:'1234567'
11-Rest:'#'
12-Format1:'#,##'
12-Number5:'1234.567'
12-Number5:'1.234.567'
12-Format6:'1.234.567'
RESULT:'−1.234.567'
toNumber
--------
1-Value :'1234567'
2-Locale:'de_AT'
3-Format1:''
3-Format2:'#,##0.###'
6-Prec4
7-Prec2:'0'
8-Number2:'1234567'
9-Prec1:'0'
9-Prec4:'00'
12-Format1:'#,##'
12-Number5:'1234.567'
12-Number5:'1.234.567'
12-Format6:'1.234.567'
RESULT:'1.234.567'
toNumber
--------
1-Value :'0.1234567'
2-Locale:'de_AT'
3-Format1:''
3-Format2:'#,##0.###'
6-Prec1:'1234567'
7-Prec1:'7'
8-Number1:'0'
9-Prec1:'0.1234567'
12-Format2:'#,##,1234567'
12-Format6:'0,1234567'
RESULT:'0,1234567'
toNumber
--------
1-Value :'-1234567.12345'
2-Locale:'de_AT'
3-Format1:''
3-Format2:'#,##0.###'
6-Prec1:'12345'
7-Prec1:'5'
8-Number1:'-1234567'
9-Prec1:'-0.12345'
9-Prec2:'0.12345'
10-Number:'1234567'
11-Rest:'#'
12-Format2:'#,##,12345'
12-Number5:'1234.567'
12-Number5:'1.234.567'
12-Format6:'1.234.567,12345'
RESULT:'−1.234.567,12345'
toNumber
--------
1-Value :'1234567.12345'
2-Locale:'de_AT'
3-Format1:''
3-Format2:'#,##0.###'
6-Prec1:'12345'
7-Prec1:'5'
8-Number1:'1234567'
9-Prec1:'0.12345'
12-Format2:'#,##,12345'
12-Number5:'1234.567'
12-Number5:'1.234.567'
12-Format6:'1.234.567,12345'
RESULT:'1.234.567,12345'
toNumber
--------
1-Value :'1234567.12345'
2-Locale:'de_AT'
3-Format1:'##0'
3-Format5:'##0'
4-Value5:'1234567'
5-Value:'1234567'
6-Prec4
8-Number2:'1234567'
9-Prec1:'0'
9-Prec4:'00'
12-Format1:'##'
12-Format4:'1234567'
RESULT:'1234567'
toNumber
--------
1-Value :'1234567.12345'
2-Locale:'de_AT'
3-Format1:'#,#0'
3-Format5:'#,#0'
4-Value5:'1234567'
5-Value:'1234567'
6-Prec4
8-Number2:'1234567'
9-Prec1:'0'
9-Prec4:'00'
12-Format1:'#,#'
12-Number5:'12345.67'
12-Number5:'123.45.67'
12-Number5:'1.23.45.67'
12-Format6:'1.23.45.67'
RESULT:'1.23.45.67'
toNumber
--------
1-Value :'1234567.12345'
2-Locale:'de_AT'
3-Format1:'##0.00'
3-Format5:'##0.00'
4-Prec:''
4-Prec3:'2'
4-Format4:'##0.###'
5-Value:'1234567.12345'
6-Prec2:'12'
8-Number1:'1234567'
9-Prec1:'0.12'
12-Format2:'##,12'
12-Format4:'1234567,12'
RESULT:'1234567,12'
toNumber
--------
1-Value :'1234567.12345'
2-Locale:'de_AT'
3-Format1:'##0.###'
3-Format5:'##0.###'
4-Prec:''
4-Value2
5-Value:'1234567.12345'
6-Prec1:'12345'
7-Prec1:'5'
8-Number1:'1234567'
9-Prec1:'0.12345'
12-Format2:'##,12345'
12-Format4:'1234567,12345'
RESULT:'1234567,12345'
toNumber
--------
1-Value :'1234567.12345'
2-Locale:'de_AT'
3-Format1:'#,#0'
3-Format5:'#,#0'
4-Value5:'1234567'
5-Value:'1234567'
6-Prec4
8-Number2:'1234567'
9-Prec1:'0'
9-Prec4:'00'
12-Format1:'#,#'
12-Number5:'12345.67'
12-Number5:'123.45.67'
12-Number5:'1.23.45.67'
12-Format6:'1.23.45.67'
RESULT:'1.23.45.67'
toNumber
--------
1-Value :'1234567.12345'
2-Locale:'de_AT'
3-Format1:'#,##,##0'
3-Format5:'#,##,##0'
4-Value5:'1234567'
5-Value:'1234567'
6-Prec4
8-Number2:'1234567'
9-Prec1:'0'
9-Prec4:'00'
12-Format1:'#,##,##'
13-Number1:'1234.567'
13-Number2:'12.34.567'
12-Format6:'12.34.567'
RESULT:'12.34.567'
toNumber
--------
1-Value :'1234567.12345'
2-Locale:'de_AT'
3-Format1:'#,##0.00'
3-Format5:'#,##0.00'
4-Prec:''
4-Prec3:'2'
4-Format4:'#,##0.###'
5-Value:'1234567.12345'
6-Prec2:'12'
8-Number1:'1234567'
9-Prec1:'0.12'
12-Format2:'#,##,12'
12-Number5:'1234.567'
12-Number5:'1.234.567'
12-Format6:'1.234.567,12'
RESULT:'1.234.567,12'
toNumber
--------
1-Value :'1234567.12345'
2-Locale:'de_AT'
3-Format1:'#,#0.00'
3-Format5:'#,#0.00'
4-Prec:''
4-Prec3:'2'
4-Format4:'#,#0.###'
5-Value:'1234567.12345'
6-Prec2:'12'
8-Number1:'1234567'
9-Prec1:'0.12'
12-Format2:'#,#,12'
12-Number5:'12345.67'
12-Number5:'123.45.67'
12-Number5:'1.23.45.67'
12-Format6:'1.23.45.67,12'
RESULT:'1.23.45.67,12'
toNumber
--------
1-Value :'-1234567.12345'
2-Locale:'de_AT'
3-Format1:'##0;##0-'
3-Format5:'##0;##0-'
3-Format6:'##0-'
4-Value5:'-1234567'
5-Value:'-1234567'
6-Prec4
8-Number2:'-1234567'
9-Prec1:'0'
9-Prec4:'00'
10-Number:'1234567'
12-Format1:'##-'
12-Format3:'##-'
12-Format4:'1234567-'
RESULT:'1234567−'
toNumber
--------
1-Value :'1234567.12345'
2-Locale:'de_AT'
3-Format1:'##0;##0-'
3-Format5:'##0;##0-'
3-Format7:'##0'
4-Value5:'1234567'
5-Value:'1234567'
6-Prec4
8-Number2:'1234567'
9-Prec1:'0'
9-Prec4:'00'
12-Format1:'##'
12-Format4:'1234567'
RESULT:'1234567'
toNumber
--------
1-Value :'1234567'
2-Locale:'de_AT'
3-Format1:'#,##0.00'
3-Format5:'#,##0.00'
4-Prec:''
4-Prec3:'2'
4-Format4:'#,##0.###'
5-Value:'1234567'
6-Prec4
6-Prec5:'00'
8-Number2:'1234567'
9-Prec1:'0.00'
9-Prec3:'0.0'
9-Prec4:'0.00'
12-Format2:'#,##,00'
12-Number5:'1234.567'
12-Number5:'1.234.567'
12-Format6:'1.234.567,00'
RESULT:'1.234.567,00'
toNumber
--------
1-Value :'1234567.123'
2-Locale:'de_AT'
3-Format1:''
3-Format2:'#,##0.###'
6-Prec2:'12'
8-Number1:'1234567'
9-Prec1:'0.12'
12-Format2:'#,##,12'
12-Number5:'1234.567'
12-Number5:'1.234.567'
12-Format6:'1.234.567,12'
RESULT:'1.234.567,12'
toNumber
--------
1-Value :'-1234567.123'
2-Locale:'de_AT'
3-Format1:'#0.00-'
3-Format5:'#0.00-'
4-Prec:''
4-Prec3:'2'
4-Format4:'#0.###-'
5-Value:'-1234567.123'
6-Prec2:'12'
8-Number1:'-1234567'
9-Prec1:'-0.12'
9-Prec2:'0.12'
10-Number:'1234567'
11-Rest:'-'
12-Format2:'#,12'
12-Format3:'#,12-'
12-Format4:'1234567,12-'
RESULT:'1234567,12−'
toNumber
--------
1-Value :'-12345.67'
2-Locale:'de_AT'
3-Format1:''
3-Format2:'#,##0.###'
6-Prec2:''
8-Number1:'-12345'
9-Prec1:'-0'
9-Prec2:'0'
9-Prec4:'00'
10-Number:'12345'
11-Rest:'#'
12-Format1:'#,##'
12-Number5:'12.345'
12-Format6:'12.345'
RESULT:'−12.345'.
toNumber
--------
1-Value :'1.7'
2-Locale:'en'
3-Format1:''
3-Format2:'#,##0.###'
6-Prec1:'7'
7-Prec1:'1'
8-Number1:'1'
9-Prec1:'0.7'
12-Format2:'#,##.7'
12-Format6:'1.7'
RESULT:'1.7'
toNumber
--------
1-Value :'2.3'
2-Locale:'en'
3-Format1:''
3-Format2:'#,##0.###'
6-Prec1:'3'
7-Prec1:'1'
8-Number1:'2'
9-Prec1:'0.3'
12-Format2:'#,##.3'
12-Format6:'2.3'
RESULT:'2.3'...
toNumber
--------
1-Value :'1234.5'
2-Locale:'fr_FR'
3-Format1:'#,##0.###'
3-Format5:'#,##0.###'
4-Prec:'2'
4-Value1:'1234.5'
5-Value:'1234.5'
6-Prec2:'5'
6-Prec3:'50'
8-Number1:'1234'
9-Prec1:'0.50'
12-Format2:'#,##,50'
12-Number5:'1 234'
12-Format6:'1 234,50'
RESULT:'1 234,50'
toNumber
--------
1-Value :'1234.5'
2-Locale:'en_US'
3-Format1:'#,##0.###'
3-Format5:'#,##0.###'
4-Prec:'2'
4-Value1:'1234.5'
5-Value:'1234.5'
6-Prec2:'5'
6-Prec3:'50'
8-Number1:'1234'
9-Prec1:'0.50'
12-Format2:'#,##.50'
12-Number5:'1,234'
12-Format6:'1,234.50'
RESULT:'1,234.50'.


Time: 11 seconds


OK (19 tests)
